{"/home/travis/build/npmtest/node-npmtest-thepiratebay/test.js":{"path":"/home/travis/build/npmtest/node-npmtest-thepiratebay/test.js","s":{"1":2,"2":2,"3":2,"4":2,"5":2,"6":2,"7":2,"8":1,"9":2,"10":2,"11":1,"12":1,"13":1,"14":1,"15":2,"16":2,"17":2,"18":2,"19":1,"20":1,"21":2,"22":2,"23":2,"24":1,"25":1,"26":1,"27":1,"28":1,"29":1,"30":1,"31":1,"32":1,"33":1,"34":1,"35":1,"36":1,"37":2,"38":2,"39":1,"40":2,"41":2,"42":1,"43":2,"44":2,"45":1,"46":2,"47":2,"48":1,"49":1,"50":1,"51":1,"52":1},"b":{"1":[2,1,1,1],"2":[1,1,1,1],"3":[1,1],"4":[1,1],"5":[1,1],"6":[1,1],"7":[1,1],"8":[1,1],"9":[1,1,1],"10":[1,1],"11":[1,1],"12":[1,1],"13":[1,1],"14":[1,1],"15":[1,1],"16":[1,1]},"f":{"1":2,"2":2,"3":2,"4":2,"5":2,"6":1,"7":1,"8":2,"9":2,"10":2,"11":2,"12":1},"fnMap":{"1":{"name":"(anonymous_1)","line":12,"loc":{"start":{"line":12,"column":1},"end":{"line":12,"column":13}}},"2":{"name":"(anonymous_2)","line":19,"loc":{"start":{"line":19,"column":5},"end":{"line":19,"column":17}}},"3":{"name":"(anonymous_3)","line":23,"loc":{"start":{"line":23,"column":24},"end":{"line":23,"column":36}}},"4":{"name":"(anonymous_4)","line":61,"loc":{"start":{"line":61,"column":5},"end":{"line":61,"column":17}}},"5":{"name":"(anonymous_5)","line":82,"loc":{"start":{"line":82,"column":5},"end":{"line":82,"column":17}}},"6":{"name":"(anonymous_6)","line":102,"loc":{"start":{"line":102,"column":83},"end":{"line":105,"column":10}},"skip":true},"7":{"name":"(anonymous_7)","line":113,"loc":{"start":{"line":113,"column":77},"end":{"line":116,"column":10}},"skip":true},"8":{"name":"(anonymous_8)","line":129,"loc":{"start":{"line":129,"column":12},"end":{"line":129,"column":40}},"skip":true},"9":{"name":"(anonymous_9)","line":137,"loc":{"start":{"line":137,"column":77},"end":{"line":140,"column":10}},"skip":true},"10":{"name":"(anonymous_10)","line":148,"loc":{"start":{"line":148,"column":83},"end":{"line":151,"column":10}},"skip":true},"11":{"name":"(anonymous_11)","line":159,"loc":{"start":{"line":159,"column":79},"end":{"line":162,"column":10}},"skip":true},"12":{"name":"(anonymous_12)","line":170,"loc":{"start":{"line":170,"column":75},"end":{"line":173,"column":10}},"skip":true}},"statementMap":{"1":{"start":{"line":12,"column":0},"end":{"line":185,"column":5}},"2":{"start":{"line":14,"column":4},"end":{"line":14,"column":14}},"3":{"start":{"line":19,"column":4},"end":{"line":56,"column":9}},"4":{"start":{"line":21,"column":8},"end":{"line":21,"column":19}},"5":{"start":{"line":23,"column":8},"end":{"line":35,"column":13}},"6":{"start":{"line":24,"column":12},"end":{"line":34,"column":13}},"7":{"start":{"line":25,"column":16},"end":{"line":28,"column":30}},"8":{"start":{"line":30,"column":16},"end":{"line":33,"column":27}},"9":{"start":{"line":37,"column":8},"end":{"line":39,"column":21}},"10":{"start":{"line":40,"column":8},"end":{"line":53,"column":9}},"11":{"start":{"line":43,"column":12},"end":{"line":46,"column":14}},"12":{"start":{"line":47,"column":12},"end":{"line":47,"column":18}},"13":{"start":{"line":50,"column":12},"end":{"line":51,"column":46}},"14":{"start":{"line":52,"column":12},"end":{"line":52,"column":18}},"15":{"start":{"line":55,"column":8},"end":{"line":55,"column":35}},"16":{"start":{"line":61,"column":4},"end":{"line":63,"column":9}},"17":{"start":{"line":62,"column":8},"end":{"line":62,"column":15}},"18":{"start":{"line":64,"column":4},"end":{"line":77,"column":5}},"19":{"start":{"line":70,"column":8},"end":{"line":70,"column":14}},"20":{"start":{"line":76,"column":8},"end":{"line":76,"column":14}},"21":{"start":{"line":82,"column":4},"end":{"line":84,"column":9}},"22":{"start":{"line":83,"column":8},"end":{"line":83,"column":15}},"23":{"start":{"line":85,"column":4},"end":{"line":184,"column":5}},"24":{"start":{"line":92,"column":8},"end":{"line":94,"column":63}},"25":{"start":{"line":95,"column":8},"end":{"line":95,"column":14}},"26":{"start":{"line":102,"column":8},"end":{"line":111,"column":10},"skip":true},"27":{"start":{"line":109,"column":12},"end":{"line":109,"column":55},"skip":true},"28":{"start":{"line":110,"column":12},"end":{"line":110,"column":48},"skip":true},"29":{"start":{"line":113,"column":8},"end":{"line":126,"column":10},"skip":true},"30":{"start":{"line":120,"column":12},"end":{"line":120,"column":76},"skip":true},"31":{"start":{"line":121,"column":12},"end":{"line":121,"column":73},"skip":true},"32":{"start":{"line":122,"column":12},"end":{"line":122,"column":74},"skip":true},"33":{"start":{"line":123,"column":12},"end":{"line":123,"column":79},"skip":true},"34":{"start":{"line":124,"column":12},"end":{"line":124,"column":25},"skip":true},"35":{"start":{"line":125,"column":12},"end":{"line":125,"column":45},"skip":true},"36":{"start":{"line":128,"column":8},"end":{"line":135,"column":14},"skip":true},"37":{"start":{"line":133,"column":16},"end":{"line":133,"column":29},"skip":true},"38":{"start":{"line":134,"column":16},"end":{"line":134,"column":55},"skip":true},"39":{"start":{"line":137,"column":8},"end":{"line":146,"column":10},"skip":true},"40":{"start":{"line":144,"column":12},"end":{"line":144,"column":25},"skip":true},"41":{"start":{"line":145,"column":12},"end":{"line":145,"column":45},"skip":true},"42":{"start":{"line":148,"column":8},"end":{"line":157,"column":10},"skip":true},"43":{"start":{"line":155,"column":12},"end":{"line":155,"column":25},"skip":true},"44":{"start":{"line":156,"column":12},"end":{"line":156,"column":48},"skip":true},"45":{"start":{"line":159,"column":8},"end":{"line":168,"column":10},"skip":true},"46":{"start":{"line":166,"column":12},"end":{"line":166,"column":25},"skip":true},"47":{"start":{"line":167,"column":12},"end":{"line":167,"column":46},"skip":true},"48":{"start":{"line":170,"column":8},"end":{"line":179,"column":10},"skip":true},"49":{"start":{"line":177,"column":12},"end":{"line":177,"column":94},"skip":true},"50":{"start":{"line":178,"column":12},"end":{"line":178,"column":48},"skip":true},"51":{"start":{"line":182,"column":8},"end":{"line":182,"column":35},"skip":true},"52":{"start":{"line":183,"column":8},"end":{"line":183,"column":14},"skip":true}},"branchMap":{"1":{"line":25,"type":"binary-expr","locations":[{"start":{"line":25,"column":23},"end":{"line":25,"column":62}},{"start":{"line":26,"column":20},"end":{"line":26,"column":70}},{"start":{"line":27,"column":20},"end":{"line":27,"column":71}},{"start":{"line":28,"column":20},"end":{"line":28,"column":29}}]},"2":{"line":30,"type":"binary-expr","locations":[{"start":{"line":30,"column":23},"end":{"line":30,"column":37}},{"start":{"line":31,"column":20},"end":{"line":31,"column":61}},{"start":{"line":32,"column":20},"end":{"line":32,"column":70}},{"start":{"line":33,"column":20},"end":{"line":33,"column":26}}]},"3":{"line":37,"type":"cond-expr","locations":[{"start":{"line":38,"column":14},"end":{"line":38,"column":20}},{"start":{"line":39,"column":14},"end":{"line":39,"column":20}}]},"4":{"line":40,"type":"switch","locations":[{"start":{"line":42,"column":8},"end":{"line":47,"column":18}},{"start":{"line":49,"column":8},"end":{"line":52,"column":18}}]},"5":{"line":44,"type":"binary-expr","locations":[{"start":{"line":44,"column":16},"end":{"line":44,"column":44}},{"start":{"line":44,"column":48},"end":{"line":44,"column":66}}]},"6":{"line":50,"type":"binary-expr","locations":[{"start":{"line":50,"column":21},"end":{"line":50,"column":49}},{"start":{"line":50,"column":53},"end":{"line":50,"column":72}}]},"7":{"line":64,"type":"switch","locations":[{"start":{"line":69,"column":4},"end":{"line":70,"column":14}},{"start":{"line":75,"column":4},"end":{"line":76,"column":14}}]},"8":{"line":85,"type":"switch","locations":[{"start":{"line":90,"column":4},"end":{"line":95,"column":14}},{"start":{"line":101,"column":4},"end":{"line":183,"column":14},"skip":true}]},"9":{"line":92,"type":"binary-expr","locations":[{"start":{"line":92,"column":18},"end":{"line":92,"column":32}},{"start":{"line":93,"column":12},"end":{"line":93,"column":53}},{"start":{"line":94,"column":12},"end":{"line":94,"column":61}}]},"10":{"line":102,"type":"binary-expr","locations":[{"start":{"line":102,"column":45},"end":{"line":102,"column":79},"skip":true},{"start":{"line":102,"column":83},"end":{"line":111,"column":9},"skip":true}]},"11":{"line":113,"type":"binary-expr","locations":[{"start":{"line":113,"column":42},"end":{"line":113,"column":73},"skip":true},{"start":{"line":113,"column":77},"end":{"line":126,"column":9},"skip":true}]},"12":{"line":128,"type":"binary-expr","locations":[{"start":{"line":128,"column":48},"end":{"line":128,"column":85},"skip":true},{"start":{"line":129,"column":12},"end":{"line":135,"column":13},"skip":true}]},"13":{"line":137,"type":"binary-expr","locations":[{"start":{"line":137,"column":42},"end":{"line":137,"column":73},"skip":true},{"start":{"line":137,"column":77},"end":{"line":146,"column":9},"skip":true}]},"14":{"line":148,"type":"binary-expr","locations":[{"start":{"line":148,"column":45},"end":{"line":148,"column":79},"skip":true},{"start":{"line":148,"column":83},"end":{"line":157,"column":9},"skip":true}]},"15":{"line":159,"type":"binary-expr","locations":[{"start":{"line":159,"column":43},"end":{"line":159,"column":75},"skip":true},{"start":{"line":159,"column":79},"end":{"line":168,"column":9},"skip":true}]},"16":{"line":170,"type":"binary-expr","locations":[{"start":{"line":170,"column":41},"end":{"line":170,"column":71},"skip":true},{"start":{"line":170,"column":75},"end":{"line":179,"column":9},"skip":true}]}},"code":["/* istanbul instrument in package npmtest_thepiratebay */","/*jslint","    bitwise: true,","    browser: true,","    maxerr: 8,","    maxlen: 96,","    node: true,","    nomen: true,","    regexp: true,","    stupid: true","*/","(function () {","    'use strict';","    var local;","","","","    // run shared js-env code - pre-init","    (function () {","        // init local","        local = {};","        // init modeJs","        local.modeJs = (function () {","            try {","                return typeof navigator.userAgent === 'string' &&","                    typeof document.querySelector('body') === 'object' &&","                    typeof XMLHttpRequest.prototype.open === 'function' &&","                    'browser';","            } catch (errorCaughtBrowser) {","                return module.exports &&","                    typeof process.versions.node === 'string' &&","                    typeof require('http').createServer === 'function' &&","                    'node';","            }","        }());","        // init global","        local.global = local.modeJs === 'browser'","            ? window","            : global;","        switch (local.modeJs) {","        // re-init local from window.local","        case 'browser':","            local = local.global.utility2.objectSetDefault(","                local.global.utility2_rollup || local.global.local,","                local.global.utility2","            );","            break;","        // re-init local from example.js","        case 'node':","            local = (local.global.utility2_rollup || require('utility2'))","                .requireExampleJsFromReadme();","            break;","        }","        // export local","        local.global.local = local;","    }());","","","","    // run shared js-env code - function","    (function () {","        return;","    }());","    switch (local.modeJs) {","","","","    // run browser js-env code - function","    case 'browser':","        break;","","","","    // run node js-env code - function","    case 'node':","        break;","    }","","","","    // run shared js-env code - post-init","    (function () {","        return;","    }());","    switch (local.modeJs) {","","","","    // run browser js-env code - post-init","    case 'browser':","        // run tests","        local.nop(local.modeTest &&","            document.querySelector('#testRunButton1') &&","            document.querySelector('#testRunButton1').click());","        break;","","","","    // run node js-env code - post-init","    /* istanbul ignore next */","    case 'node':","        local.testCase_buildApidoc_default = local.testCase_buildApidoc_default || function (","            options,","            onError","        ) {","        /*","         * this function will test buildApidoc's default handling-behavior-behavior","         */","            options = { modulePathList: module.paths };","            local.buildApidoc(options, onError);","        };","","        local.testCase_buildApp_default = local.testCase_buildApp_default || function (","            options,","            onError","        ) {","        /*","         * this function will test buildApp's default handling-behavior-behavior","         */","            local.testCase_buildReadme_default(options, local.onErrorThrow);","            local.testCase_buildLib_default(options, local.onErrorThrow);","            local.testCase_buildTest_default(options, local.onErrorThrow);","            local.testCase_buildCustomOrg_default(options, local.onErrorThrow);","            options = [];","            local.buildApp(options, onError);","        };","","        local.testCase_buildCustomOrg_default = local.testCase_buildCustomOrg_default ||","            function (options, onError) {","            /*","             * this function will test buildCustomOrg's default handling-behavior","             */","                options = {};","                local.buildCustomOrg(options, onError);","            };","","        local.testCase_buildLib_default = local.testCase_buildLib_default || function (","            options,","            onError","        ) {","        /*","         * this function will test buildLib's default handling-behavior","         */","            options = {};","            local.buildLib(options, onError);","        };","","        local.testCase_buildReadme_default = local.testCase_buildReadme_default || function (","            options,","            onError","        ) {","        /*","         * this function will test buildReadme's default handling-behavior-behavior","         */","            options = {};","            local.buildReadme(options, onError);","        };","","        local.testCase_buildTest_default = local.testCase_buildTest_default || function (","            options,","            onError","        ) {","        /*","         * this function will test buildTest's default handling-behavior","         */","            options = {};","            local.buildTest(options, onError);","        };","","        local.testCase_webpage_default = local.testCase_webpage_default || function (","            options,","            onError","        ) {","        /*","         * this function will test webpage's default handling-behavior","         */","            options = { modeCoverageMerge: true, url: local.serverLocalHost + '?modeTest=1' };","            local.browserTest(options, onError);","        };","","        // run test-server","        local.testRunServer(local);","        break;","    }","}());",""],"l":{"12":2,"14":2,"19":2,"21":2,"23":2,"24":2,"25":2,"30":1,"37":2,"40":2,"43":1,"47":1,"50":1,"52":1,"55":2,"61":2,"62":2,"64":2,"70":1,"76":1,"82":2,"83":2,"85":2,"92":1,"95":1,"102":1,"109":1,"110":1,"113":1,"120":1,"121":1,"122":1,"123":1,"124":1,"125":1,"128":1,"133":2,"134":2,"137":1,"144":2,"145":2,"148":1,"155":2,"156":2,"159":1,"166":2,"167":2,"170":1,"177":1,"178":1,"182":1,"183":1}},"/home/travis/build/npmtest/node-npmtest-thepiratebay/lib.npmtest_thepiratebay.js":{"path":"/home/travis/build/npmtest/node-npmtest-thepiratebay/lib.npmtest_thepiratebay.js","s":{"1":2,"2":2,"3":2,"4":2,"5":2,"6":2,"7":2,"8":1,"9":2,"10":2,"11":2,"12":2,"13":1,"14":1,"15":1,"16":1},"b":{"1":[2,1,1,1],"2":[1,1,1,1],"3":[1,1],"4":[2,2],"5":[1,1]},"f":{"1":2,"2":2,"3":2},"fnMap":{"1":{"name":"(anonymous_1)","line":12,"loc":{"start":{"line":12,"column":1},"end":{"line":12,"column":13}}},"2":{"name":"(anonymous_2)","line":19,"loc":{"start":{"line":19,"column":5},"end":{"line":19,"column":17}}},"3":{"name":"(anonymous_3)","line":23,"loc":{"start":{"line":23,"column":24},"end":{"line":23,"column":36}}}},"statementMap":{"1":{"start":{"line":12,"column":0},"end":{"line":53,"column":5}},"2":{"start":{"line":14,"column":4},"end":{"line":14,"column":14}},"3":{"start":{"line":19,"column":4},"end":{"line":52,"column":9}},"4":{"start":{"line":21,"column":8},"end":{"line":21,"column":19}},"5":{"start":{"line":23,"column":8},"end":{"line":35,"column":13}},"6":{"start":{"line":24,"column":12},"end":{"line":34,"column":13}},"7":{"start":{"line":25,"column":16},"end":{"line":28,"column":30}},"8":{"start":{"line":30,"column":16},"end":{"line":33,"column":27}},"9":{"start":{"line":37,"column":8},"end":{"line":39,"column":21}},"10":{"start":{"line":41,"column":8},"end":{"line":41,"column":54}},"11":{"start":{"line":43,"column":8},"end":{"line":43,"column":57}},"12":{"start":{"line":45,"column":8},"end":{"line":51,"column":9}},"13":{"start":{"line":46,"column":12},"end":{"line":46,"column":63}},"14":{"start":{"line":48,"column":12},"end":{"line":48,"column":35}},"15":{"start":{"line":49,"column":12},"end":{"line":49,"column":49}},"16":{"start":{"line":50,"column":12},"end":{"line":50,"column":43}}},"branchMap":{"1":{"line":25,"type":"binary-expr","locations":[{"start":{"line":25,"column":23},"end":{"line":25,"column":62}},{"start":{"line":26,"column":20},"end":{"line":26,"column":70}},{"start":{"line":27,"column":20},"end":{"line":27,"column":71}},{"start":{"line":28,"column":20},"end":{"line":28,"column":29}}]},"2":{"line":30,"type":"binary-expr","locations":[{"start":{"line":30,"column":23},"end":{"line":30,"column":37}},{"start":{"line":31,"column":20},"end":{"line":31,"column":61}},{"start":{"line":32,"column":20},"end":{"line":32,"column":70}},{"start":{"line":33,"column":20},"end":{"line":33,"column":26}}]},"3":{"line":37,"type":"cond-expr","locations":[{"start":{"line":38,"column":14},"end":{"line":38,"column":20}},{"start":{"line":39,"column":14},"end":{"line":39,"column":20}}]},"4":{"line":41,"type":"binary-expr","locations":[{"start":{"line":41,"column":16},"end":{"line":41,"column":44}},{"start":{"line":41,"column":48},"end":{"line":41,"column":53}}]},"5":{"line":45,"type":"if","locations":[{"start":{"line":45,"column":8},"end":{"line":45,"column":8}},{"start":{"line":45,"column":8},"end":{"line":45,"column":8}}]}},"code":["/* istanbul instrument in package npmtest_thepiratebay */","/*jslint","    bitwise: true,","    browser: true,","    maxerr: 8,","    maxlen: 96,","    node: true,","    nomen: true,","    regexp: true,","    stupid: true","*/","(function () {","    'use strict';","    var local;","","","","    // run shared js-env code - pre-init","    (function () {","        // init local","        local = {};","        // init modeJs","        local.modeJs = (function () {","            try {","                return typeof navigator.userAgent === 'string' &&","                    typeof document.querySelector('body') === 'object' &&","                    typeof XMLHttpRequest.prototype.open === 'function' &&","                    'browser';","            } catch (errorCaughtBrowser) {","                return module.exports &&","                    typeof process.versions.node === 'string' &&","                    typeof require('http').createServer === 'function' &&","                    'node';","            }","        }());","        // init global","        local.global = local.modeJs === 'browser'","            ? window","            : global;","        // init utility2_rollup","        local = local.global.utility2_rollup || local;","        // init lib","        local.local = local.npmtest_thepiratebay = local;","        // init exports","        if (local.modeJs === 'browser') {","            local.global.utility2_npmtest_thepiratebay = local;","        } else {","            module.exports = local;","            module.exports.__dirname = __dirname;","            module.exports.module = module;","        }","    }());","}());",""],"l":{"12":2,"14":2,"19":2,"21":2,"23":2,"24":2,"25":2,"30":1,"37":2,"41":2,"43":2,"45":2,"46":1,"48":1,"49":1,"50":1}},"/home/travis/build/npmtest/node-npmtest-thepiratebay/example.js":{"path":"/home/travis/build/npmtest/node-npmtest-thepiratebay/example.js","s":{"1":2,"2":2,"3":2,"4":2,"5":2,"6":2,"7":2,"8":1,"9":2,"10":2,"11":2,"12":2,"13":1,"14":2,"15":2,"16":2,"17":2,"18":2,"19":0,"20":2,"21":1,"22":1,"23":1,"24":1,"25":1,"26":0,"27":0,"28":1,"29":1,"30":2,"31":0,"32":0,"33":0,"34":1,"35":2,"36":2,"37":2,"38":2,"39":2,"40":2,"41":0,"42":2,"43":2,"44":2,"45":1,"46":3,"47":1,"48":1,"49":1,"50":1,"51":1,"52":1,"53":1,"54":1,"55":1,"56":1,"57":0,"58":1,"59":6,"60":6,"61":1,"62":2,"63":0,"64":2,"65":1,"66":1,"67":0,"68":0,"69":0,"70":0,"71":0,"72":0,"73":0,"74":0,"75":0,"76":0,"77":0,"78":0,"79":0,"80":0,"81":0,"82":0,"83":0},"b":{"1":[2,1,1,1],"2":[1,1,1,1],"3":[1,1],"4":[2,2],"5":[1,1],"6":[1,1],"7":[2,0],"8":[2,1,1,1,1,1],"9":[0,2,0],"10":[1,1],"11":[2,1,1],"12":[1,0],"13":[0,2],"14":[2,0,0,0,0,0,0],"15":[0,2],"16":[2,0],"17":[1,1],"18":[0,1],"19":[1,2,0,2],"20":[1,0],"21":[1,1],"22":[0,0],"23":[0,0],"24":[0,0],"25":[0,0],"26":[0,0],"27":[0,0],"28":[0,0]},"f":{"1":2,"2":2,"3":2,"4":2,"5":2,"6":2,"7":2,"8":2,"9":3,"10":1,"11":6,"12":0},"fnMap":{"1":{"name":"(anonymous_1)","line":26,"loc":{"start":{"line":26,"column":1},"end":{"line":26,"column":13}}},"2":{"name":"(anonymous_2)","line":33,"loc":{"start":{"line":33,"column":5},"end":{"line":33,"column":17}}},"3":{"name":"(anonymous_3)","line":37,"loc":{"start":{"line":37,"column":24},"end":{"line":37,"column":36}}},"4":{"name":"(anonymous_4)","line":69,"loc":{"start":{"line":69,"column":31},"end":{"line":69,"column":48}},"skip":true},"5":{"name":"(anonymous_5)","line":78,"loc":{"start":{"line":78,"column":26},"end":{"line":78,"column":45}},"skip":true},"6":{"name":"(anonymous_6)","line":123,"loc":{"start":{"line":123,"column":33},"end":{"line":123,"column":48}},"skip":true},"7":{"name":"(anonymous_7)","line":125,"loc":{"start":{"line":125,"column":27},"end":{"line":125,"column":39}},"skip":true},"8":{"name":"(anonymous_8)","line":133,"loc":{"start":{"line":133,"column":59},"end":{"line":133,"column":74}},"skip":true},"9":{"name":"(anonymous_9)","line":143,"loc":{"start":{"line":143,"column":45},"end":{"line":143,"column":62}},"skip":true},"10":{"name":"(anonymous_10)","line":144,"loc":{"start":{"line":144,"column":73},"end":{"line":144,"column":92}},"skip":true},"11":{"name":"(anonymous_11)","line":272,"loc":{"start":{"line":272,"column":51},"end":{"line":272,"column":77}},"skip":true},"12":{"name":"(anonymous_12)","line":314,"loc":{"start":{"line":314,"column":32},"end":{"line":314,"column":61}},"skip":true}},"statementMap":{"1":{"start":{"line":26,"column":0},"end":{"line":325,"column":5}},"2":{"start":{"line":28,"column":4},"end":{"line":28,"column":14}},"3":{"start":{"line":33,"column":4},"end":{"line":60,"column":9}},"4":{"start":{"line":35,"column":8},"end":{"line":35,"column":19}},"5":{"start":{"line":37,"column":8},"end":{"line":49,"column":13}},"6":{"start":{"line":38,"column":12},"end":{"line":48,"column":13}},"7":{"start":{"line":39,"column":16},"end":{"line":42,"column":30}},"8":{"start":{"line":44,"column":16},"end":{"line":47,"column":27}},"9":{"start":{"line":51,"column":8},"end":{"line":53,"column":21}},"10":{"start":{"line":55,"column":8},"end":{"line":57,"column":45}},"11":{"start":{"line":59,"column":8},"end":{"line":59,"column":35}},"12":{"start":{"line":61,"column":4},"end":{"line":324,"column":5}},"13":{"start":{"line":69,"column":8},"end":{"line":121,"column":10},"skip":true},"14":{"start":{"line":70,"column":12},"end":{"line":88,"column":13},"skip":true},"15":{"start":{"line":76,"column":16},"end":{"line":87,"column":19},"skip":true},"16":{"start":{"line":79,"column":20},"end":{"line":86,"column":21},"skip":true},"17":{"start":{"line":82,"column":24},"end":{"line":82,"column":43},"skip":true},"18":{"start":{"line":83,"column":24},"end":{"line":83,"column":30},"skip":true},"19":{"start":{"line":85,"column":24},"end":{"line":85,"column":49},"skip":true},"20":{"start":{"line":89,"column":12},"end":{"line":107,"column":13},"skip":true},"21":{"start":{"line":92,"column":16},"end":{"line":102,"column":17},"skip":true},"22":{"start":{"line":93,"column":20},"end":{"line":93,"column":86},"skip":true},"23":{"start":{"line":94,"column":20},"end":{"line":95,"column":45},"skip":true},"24":{"start":{"line":96,"column":20},"end":{"line":96,"column":42},"skip":true},"25":{"start":{"line":97,"column":20},"end":{"line":97,"column":48},"skip":true},"26":{"start":{"line":100,"column":20},"end":{"line":100,"column":85},"skip":true},"27":{"start":{"line":101,"column":20},"end":{"line":101,"column":96},"skip":true},"28":{"start":{"line":103,"column":16},"end":{"line":103,"column":22},"skip":true},"29":{"start":{"line":106,"column":16},"end":{"line":106,"column":22},"skip":true},"30":{"start":{"line":108,"column":12},"end":{"line":120,"column":13},"skip":true},"31":{"start":{"line":114,"column":16},"end":{"line":119,"column":17},"skip":true},"32":{"start":{"line":116,"column":20},"end":{"line":116,"column":78},"skip":true},"33":{"start":{"line":118,"column":20},"end":{"line":118,"column":47},"skip":true},"34":{"start":{"line":123,"column":8},"end":{"line":141,"column":11},"skip":true},"35":{"start":{"line":124,"column":12},"end":{"line":124,"column":54},"skip":true},"36":{"start":{"line":125,"column":12},"end":{"line":140,"column":14},"skip":true},"37":{"start":{"line":126,"column":16},"end":{"line":126,"column":28},"skip":true},"38":{"start":{"line":127,"column":16},"end":{"line":127,"column":69},"skip":true},"39":{"start":{"line":128,"column":16},"end":{"line":128,"column":75},"skip":true},"40":{"start":{"line":129,"column":16},"end":{"line":131,"column":17},"skip":true},"41":{"start":{"line":130,"column":20},"end":{"line":130,"column":27},"skip":true},"42":{"start":{"line":133,"column":16},"end":{"line":137,"column":36},"skip":true},"43":{"start":{"line":134,"column":20},"end":{"line":136,"column":55},"skip":true},"44":{"start":{"line":139,"column":16},"end":{"line":139,"column":57},"skip":true},"45":{"start":{"line":143,"column":8},"end":{"line":147,"column":11},"skip":true},"46":{"start":{"line":144,"column":12},"end":{"line":146,"column":15},"skip":true},"47":{"start":{"line":145,"column":16},"end":{"line":145,"column":70},"skip":true},"48":{"start":{"line":149,"column":8},"end":{"line":149,"column":31},"skip":true},"49":{"start":{"line":150,"column":8},"end":{"line":150,"column":14},"skip":true},"50":{"start":{"line":158,"column":8},"end":{"line":158,"column":31},"skip":true},"51":{"start":{"line":160,"column":8},"end":{"line":160,"column":33},"skip":true},"52":{"start":{"line":161,"column":8},"end":{"line":161,"column":37},"skip":true},"53":{"start":{"line":162,"column":8},"end":{"line":162,"column":35},"skip":true},"54":{"start":{"line":164,"column":8},"end":{"line":164,"column":50},"skip":true},"55":{"start":{"line":166,"column":8},"end":{"line":256,"column":2},"skip":true},"56":{"start":{"line":258,"column":8},"end":{"line":286,"column":9},"skip":true},"57":{"start":{"line":259,"column":12},"end":{"line":269,"column":14},"skip":true},"58":{"start":{"line":271,"column":12},"end":{"line":285,"column":19},"skip":true},"59":{"start":{"line":274,"column":20},"end":{"line":274,"column":35},"skip":true},"60":{"start":{"line":275,"column":20},"end":{"line":284,"column":21},"skip":true},"61":{"start":{"line":277,"column":24},"end":{"line":277,"column":64},"skip":true},"62":{"start":{"line":279,"column":24},"end":{"line":279,"column":40},"skip":true},"63":{"start":{"line":281,"column":24},"end":{"line":281,"column":40},"skip":true},"64":{"start":{"line":283,"column":24},"end":{"line":283,"column":39},"skip":true},"65":{"start":{"line":288,"column":8},"end":{"line":290,"column":9},"skip":true},"66":{"start":{"line":289,"column":12},"end":{"line":289,"column":18},"skip":true},"67":{"start":{"line":291,"column":8},"end":{"line":293,"column":54},"skip":true},"68":{"start":{"line":294,"column":8},"end":{"line":301,"column":37},"skip":true},"69":{"start":{"line":302,"column":8},"end":{"line":302,"column":82},"skip":true},"70":{"start":{"line":305,"column":8},"end":{"line":307,"column":9},"skip":true},"71":{"start":{"line":306,"column":12},"end":{"line":306,"column":82},"skip":true},"72":{"start":{"line":309,"column":8},"end":{"line":311,"column":9},"skip":true},"73":{"start":{"line":310,"column":12},"end":{"line":310,"column":18},"skip":true},"74":{"start":{"line":312,"column":8},"end":{"line":312,"column":54},"skip":true},"75":{"start":{"line":313,"column":8},"end":{"line":313,"column":69},"skip":true},"76":{"start":{"line":314,"column":8},"end":{"line":322,"column":36},"skip":true},"77":{"start":{"line":315,"column":12},"end":{"line":315,"column":61},"skip":true},"78":{"start":{"line":316,"column":12},"end":{"line":319,"column":13},"skip":true},"79":{"start":{"line":317,"column":16},"end":{"line":317,"column":75},"skip":true},"80":{"start":{"line":318,"column":16},"end":{"line":318,"column":23},"skip":true},"81":{"start":{"line":320,"column":12},"end":{"line":320,"column":38},"skip":true},"82":{"start":{"line":321,"column":12},"end":{"line":321,"column":27},"skip":true},"83":{"start":{"line":323,"column":8},"end":{"line":323,"column":14},"skip":true}},"branchMap":{"1":{"line":39,"type":"binary-expr","locations":[{"start":{"line":39,"column":23},"end":{"line":39,"column":62}},{"start":{"line":40,"column":20},"end":{"line":40,"column":70}},{"start":{"line":41,"column":20},"end":{"line":41,"column":71}},{"start":{"line":42,"column":20},"end":{"line":42,"column":29}}]},"2":{"line":44,"type":"binary-expr","locations":[{"start":{"line":44,"column":23},"end":{"line":44,"column":37}},{"start":{"line":45,"column":20},"end":{"line":45,"column":61}},{"start":{"line":46,"column":20},"end":{"line":46,"column":70}},{"start":{"line":47,"column":20},"end":{"line":47,"column":26}}]},"3":{"line":51,"type":"cond-expr","locations":[{"start":{"line":52,"column":14},"end":{"line":52,"column":20}},{"start":{"line":53,"column":14},"end":{"line":53,"column":20}}]},"4":{"line":55,"type":"binary-expr","locations":[{"start":{"line":55,"column":16},"end":{"line":55,"column":44}},{"start":{"line":55,"column":49},"end":{"line":57,"column":43}}]},"5":{"line":55,"type":"cond-expr","locations":[{"start":{"line":56,"column":14},"end":{"line":56,"column":56}},{"start":{"line":57,"column":14},"end":{"line":57,"column":43}}]},"6":{"line":61,"type":"switch","locations":[{"start":{"line":68,"column":4},"end":{"line":150,"column":14},"skip":true},{"start":{"line":156,"column":4},"end":{"line":323,"column":14},"skip":true}]},"7":{"line":70,"type":"if","locations":[{"start":{"line":70,"column":12},"end":{"line":70,"column":12},"skip":true},{"start":{"line":70,"column":12},"end":{"line":70,"column":12},"skip":true}]},"8":{"line":70,"type":"binary-expr","locations":[{"start":{"line":70,"column":16},"end":{"line":70,"column":22},"skip":true},{"start":{"line":70,"column":27},"end":{"line":70,"column":32},"skip":true},{"start":{"line":71,"column":20},"end":{"line":71,"column":39},"skip":true},{"start":{"line":72,"column":20},"end":{"line":72,"column":49},"skip":true},{"start":{"line":73,"column":20},"end":{"line":73,"column":58},"skip":true},{"start":{"line":74,"column":20},"end":{"line":74,"column":69},"skip":true}]},"9":{"line":79,"type":"switch","locations":[{"start":{"line":80,"column":20},"end":{"line":80,"column":33},"skip":true},{"start":{"line":81,"column":20},"end":{"line":83,"column":30},"skip":true},{"start":{"line":84,"column":20},"end":{"line":85,"column":49},"skip":true}]},"10":{"line":89,"type":"switch","locations":[{"start":{"line":90,"column":12},"end":{"line":103,"column":22},"skip":true},{"start":{"line":105,"column":12},"end":{"line":106,"column":22},"skip":true}]},"11":{"line":89,"type":"binary-expr","locations":[{"start":{"line":89,"column":20},"end":{"line":89,"column":25},"skip":true},{"start":{"line":89,"column":29},"end":{"line":89,"column":48},"skip":true},{"start":{"line":89,"column":52},"end":{"line":89,"column":74},"skip":true}]},"12":{"line":92,"type":"if","locations":[{"start":{"line":92,"column":16},"end":{"line":92,"column":16},"skip":true},{"start":{"line":92,"column":16},"end":{"line":92,"column":16},"skip":true}]},"13":{"line":108,"type":"if","locations":[{"start":{"line":108,"column":12},"end":{"line":108,"column":12},"skip":true},{"start":{"line":108,"column":12},"end":{"line":108,"column":12},"skip":true}]},"14":{"line":108,"type":"binary-expr","locations":[{"start":{"line":108,"column":16},"end":{"line":108,"column":61},"skip":true},{"start":{"line":108,"column":66},"end":{"line":108,"column":72},"skip":true},{"start":{"line":108,"column":77},"end":{"line":108,"column":82},"skip":true},{"start":{"line":109,"column":20},"end":{"line":109,"column":39},"skip":true},{"start":{"line":110,"column":20},"end":{"line":110,"column":49},"skip":true},{"start":{"line":111,"column":20},"end":{"line":111,"column":58},"skip":true},{"start":{"line":112,"column":20},"end":{"line":112,"column":68},"skip":true}]},"15":{"line":129,"type":"if","locations":[{"start":{"line":129,"column":16},"end":{"line":129,"column":16},"skip":true},{"start":{"line":129,"column":16},"end":{"line":129,"column":16},"skip":true}]},"16":{"line":134,"type":"cond-expr","locations":[{"start":{"line":135,"column":26},"end":{"line":135,"column":29},"skip":true},{"start":{"line":136,"column":26},"end":{"line":136,"column":54},"skip":true}]},"17":{"line":164,"type":"binary-expr","locations":[{"start":{"line":164,"column":27},"end":{"line":164,"column":43},"skip":true},{"start":{"line":164,"column":47},"end":{"line":164,"column":49},"skip":true}]},"18":{"line":258,"type":"if","locations":[{"start":{"line":258,"column":8},"end":{"line":258,"column":8},"skip":true},{"start":{"line":258,"column":8},"end":{"line":258,"column":8},"skip":true}]},"19":{"line":275,"type":"switch","locations":[{"start":{"line":276,"column":20},"end":{"line":277,"column":64},"skip":true},{"start":{"line":278,"column":20},"end":{"line":279,"column":40},"skip":true},{"start":{"line":280,"column":20},"end":{"line":281,"column":40},"skip":true},{"start":{"line":282,"column":20},"end":{"line":283,"column":39},"skip":true}]},"20":{"line":288,"type":"if","locations":[{"start":{"line":288,"column":8},"end":{"line":288,"column":8},"skip":true},{"start":{"line":288,"column":8},"end":{"line":288,"column":8},"skip":true}]},"21":{"line":288,"type":"binary-expr","locations":[{"start":{"line":288,"column":12},"end":{"line":288,"column":40},"skip":true},{"start":{"line":288,"column":44},"end":{"line":288,"column":67},"skip":true}]},"22":{"line":292,"type":"binary-expr","locations":[{"start":{"line":292,"column":12},"end":{"line":292,"column":50},"skip":true},{"start":{"line":293,"column":12},"end":{"line":293,"column":53},"skip":true}]},"23":{"line":295,"type":"binary-expr","locations":[{"start":{"line":295,"column":12},"end":{"line":295,"column":70},"skip":true},{"start":{"line":296,"column":12},"end":{"line":301,"column":36},"skip":true}]},"24":{"line":302,"type":"binary-expr","locations":[{"start":{"line":302,"column":43},"end":{"line":302,"column":75},"skip":true},{"start":{"line":302,"column":79},"end":{"line":302,"column":81},"skip":true}]},"25":{"line":305,"type":"if","locations":[{"start":{"line":305,"column":8},"end":{"line":305,"column":8},"skip":true},{"start":{"line":305,"column":8},"end":{"line":305,"column":8},"skip":true}]},"26":{"line":309,"type":"if","locations":[{"start":{"line":309,"column":8},"end":{"line":309,"column":8},"skip":true},{"start":{"line":309,"column":8},"end":{"line":309,"column":8},"skip":true}]},"27":{"line":312,"type":"binary-expr","locations":[{"start":{"line":312,"column":27},"end":{"line":312,"column":43},"skip":true},{"start":{"line":312,"column":47},"end":{"line":312,"column":53},"skip":true}]},"28":{"line":316,"type":"if","locations":[{"start":{"line":316,"column":12},"end":{"line":316,"column":12},"skip":true},{"start":{"line":316,"column":12},"end":{"line":316,"column":12},"skip":true}]}},"code":["/*","example.js","","quickstart example","","instruction","    1. save this script as example.js","    2. run the shell command:","        $ npm install npmtest-thepiratebay && PORT=8081 node example.js","    3. play with the browser-demo on http://127.0.0.1:8081","*/","","","","/* istanbul instrument in package npmtest_thepiratebay */","/*jslint","    bitwise: true,","    browser: true,","    maxerr: 8,","    maxlen: 96,","    node: true,","    nomen: true,","    regexp: true,","    stupid: true","*/","(function () {","    'use strict';","    var local;","","","","    // run shared js-env code - pre-init","    (function () {","        // init local","        local = {};","        // init modeJs","        local.modeJs = (function () {","            try {","                return typeof navigator.userAgent === 'string' &&","                    typeof document.querySelector('body') === 'object' &&","                    typeof XMLHttpRequest.prototype.open === 'function' &&","                    'browser';","            } catch (errorCaughtBrowser) {","                return module.exports &&","                    typeof process.versions.node === 'string' &&","                    typeof require('http').createServer === 'function' &&","                    'node';","            }","        }());","        // init global","        local.global = local.modeJs === 'browser'","            ? window","            : global;","        // init utility2_rollup","        local = local.global.utility2_rollup || (local.modeJs === 'browser'","            ? local.global.utility2_npmtest_thepiratebay","            : global.utility2_moduleExports);","        // export local","        local.global.local = local;","    }());","    switch (local.modeJs) {","","","","    // post-init","    // run browser js-env code - post-init","    /* istanbul ignore next */","    case 'browser':","        local.testRunBrowser = function (event) {","            if (!event || (event &&","                    event.currentTarget &&","                    event.currentTarget.className &&","                    event.currentTarget.className.includes &&","                    event.currentTarget.className.includes('onreset'))) {","                // reset output","                Array.from(","                    document.querySelectorAll('body > .resettable')","                ).forEach(function (element) {","                    switch (element.tagName) {","                    case 'INPUT':","                    case 'TEXTAREA':","                        element.value = '';","                        break;","                    default:","                        element.textContent = '';","                    }","                });","            }","            switch (event && event.currentTarget && event.currentTarget.id) {","            case 'testRunButton1':","                // show tests","                if (document.querySelector('#testReportDiv1').style.display === 'none') {","                    document.querySelector('#testReportDiv1').style.display = 'block';","                    document.querySelector('#testRunButton1').textContent =","                        'hide internal test';","                    local.modeTest = true;","                    local.testRunDefault(local);","                // hide tests","                } else {","                    document.querySelector('#testReportDiv1').style.display = 'none';","                    document.querySelector('#testRunButton1').textContent = 'run internal test';","                }","                break;","            // custom-case","            default:","                break;","            }","            if (document.querySelector('#inputTextareaEval1') && (!event || (event &&","                    event.currentTarget &&","                    event.currentTarget.className &&","                    event.currentTarget.className.includes &&","                    event.currentTarget.className.includes('oneval')))) {","                // try to eval input-code","                try {","                    /*jslint evil: true*/","                    eval(document.querySelector('#inputTextareaEval1').value);","                } catch (errorCaught) {","                    console.error(errorCaught);","                }","            }","        };","        // log stderr and stdout to #outputTextareaStdout1","        ['error', 'log'].forEach(function (key) {","            console[key + '_original'] = console[key];","            console[key] = function () {","                var element;","                console[key + '_original'].apply(console, arguments);","                element = document.querySelector('#outputTextareaStdout1');","                if (!element) {","                    return;","                }","                // append text to #outputTextareaStdout1","                element.value += Array.from(arguments).map(function (arg) {","                    return typeof arg === 'string'","                        ? arg","                        : JSON.stringify(arg, null, 4);","                }).join(' ') + '\\n';","                // scroll textarea to bottom","                element.scrollTop = element.scrollHeight;","            };","        });","        // init event-handling","        ['change', 'click', 'keyup'].forEach(function (event) {","            Array.from(document.querySelectorAll('.on' + event)).forEach(function (element) {","                element.addEventListener(event, local.testRunBrowser);","            });","        });","        // run tests","        local.testRunBrowser();","        break;","","","","    // run node js-env code - post-init","    /* istanbul ignore next */","    case 'node':","        // export local","        module.exports = local;","        // require modules","        local.fs = require('fs');","        local.http = require('http');","        local.url = require('url');","        // init assets","        local.assetsDict = local.assetsDict || {};","        /* jslint-ignore-begin */","        local.assetsDict['/assets.index.template.html'] = '\\","<!doctype html>\\n\\","<html lang=\"en\">\\n\\","<head>\\n\\","<meta charset=\"UTF-8\">\\n\\","<meta name=\"viewport\" content=\"width=device-width, initial-scale=1\">\\n\\","<title>{{env.npm_package_name}} (v{{env.npm_package_version}})</title>\\n\\","<style>\\n\\","/*csslint\\n\\","    box-sizing: false,\\n\\","    universal-selector: false\\n\\","*/\\n\\","* {\\n\\","    box-sizing: border-box;\\n\\","}\\n\\","body {\\n\\","    background: #dde;\\n\\","    font-family: Arial, Helvetica, sans-serif;\\n\\","    margin: 2rem;\\n\\","}\\n\\","body > * {\\n\\","    margin-bottom: 1rem;\\n\\","}\\n\\",".utility2FooterDiv {\\n\\","    margin-top: 20px;\\n\\","    text-align: center;\\n\\","}\\n\\","</style>\\n\\","<style>\\n\\","/*csslint\\n\\","*/\\n\\","textarea {\\n\\","    font-family: monospace;\\n\\","    height: 10rem;\\n\\","    width: 100%;\\n\\","}\\n\\","textarea[readonly] {\\n\\","    background: #ddd;\\n\\","}\\n\\","</style>\\n\\","</head>\\n\\","<body>\\n\\","<!-- utility2-comment\\n\\","<div id=\"ajaxProgressDiv1\" style=\"background: #d00; height: 2px; left: 0; margin: 0; padding: 0; position: fixed; top: 0; transition: background 0.5s, width 1.5s; width: 25%;\"></div>\\n\\","utility2-comment -->\\n\\","<h1>\\n\\","<!-- utility2-comment\\n\\","    <a\\n\\","        {{#if env.npm_package_homepage}}\\n\\","        href=\"{{env.npm_package_homepage}}\"\\n\\","        {{/if env.npm_package_homepage}}\\n\\","        target=\"_blank\"\\n\\","    >\\n\\","utility2-comment -->\\n\\","        {{env.npm_package_name}} (v{{env.npm_package_version}})\\n\\","<!-- utility2-comment\\n\\","    </a>\\n\\","utility2-comment -->\\n\\","</h1>\\n\\","<h3>{{env.npm_package_description}}</h3>\\n\\","<!-- utility2-comment\\n\\","<h4><a download href=\"assets.app.js\">download standalone app</a></h4>\\n\\","<button class=\"onclick onreset\" id=\"testRunButton1\">run internal test</button><br>\\n\\","<div id=\"testReportDiv1\" style=\"display: none;\"></div>\\n\\","utility2-comment -->\\n\\","\\n\\","\\n\\","\\n\\","<label>stderr and stdout</label>\\n\\","<textarea class=\"resettable\" id=\"outputTextareaStdout1\" readonly></textarea>\\n\\","<!-- utility2-comment\\n\\","{{#if isRollup}}\\n\\","<script src=\"assets.app.js\"></script>\\n\\","{{#unless isRollup}}\\n\\","utility2-comment -->\\n\\","<script src=\"assets.utility2.rollup.js\"></script>\\n\\","<script src=\"jsonp.utility2._stateInit?callback=window.utility2._stateInit\"></script>\\n\\","<script src=\"assets.npmtest_thepiratebay.rollup.js\"></script>\\n\\","<script src=\"assets.example.js\"></script>\\n\\","<script src=\"assets.test.js\"></script>\\n\\","<!-- utility2-comment\\n\\","{{/if isRollup}}\\n\\","utility2-comment -->\\n\\","<div class=\"utility2FooterDiv\">\\n\\","    [ this app was created with\\n\\","    <a href=\"https://github.com/kaizhu256/node-utility2\" target=\"_blank\">utility2</a>\\n\\","    ]\\n\\","</div>\\n\\","</body>\\n\\","</html>\\n\\","';","        /* jslint-ignore-end */","        if (local.templateRender) {","            local.assetsDict['/'] = local.templateRender(","                local.assetsDict['/assets.index.template.html'],","                {","                    env: local.objectSetDefault(local.env, {","                        npm_package_description: 'the greatest app in the world!',","                        npm_package_name: 'my-app',","                        npm_package_nameAlias: 'my_app',","                        npm_package_version: '0.0.1'","                    })","                }","            );","        } else {","            local.assetsDict['/'] = local.assetsDict['/assets.index.template.html']","                .replace((/\\{\\{env\\.(\\w+?)\\}\\}/g), function (match0, match1) {","                    // jslint-hack","                    String(match0);","                    switch (match1) {","                    case 'npm_package_description':","                        return 'the greatest app in the world!';","                    case 'npm_package_name':","                        return 'my-app';","                    case 'npm_package_nameAlias':","                        return 'my_app';","                    case 'npm_package_version':","                        return '0.0.1';","                    }","                });","        }","        // run the cli","        if (local.global.utility2_rollup || module !== require.main) {","            break;","        }","        local.assetsDict['/assets.example.js'] =","            local.assetsDict['/assets.example.js'] ||","            local.fs.readFileSync(__filename, 'utf8');","        local.assetsDict['/assets.npmtest_thepiratebay.rollup.js'] =","            local.assetsDict['/assets.npmtest_thepiratebay.rollup.js'] ||","            local.fs.readFileSync(","                // buildCustomOrg-hack","                local.npmtest_thepiratebay.__dirname +","                    '/lib.npmtest_thepiratebay.js',","                'utf8'","            ).replace((/^#!/), '//');","        local.assetsDict['/favicon.ico'] = local.assetsDict['/favicon.ico'] || '';","        // if $npm_config_timeout_exit exists,","        // then exit this process after $npm_config_timeout_exit ms","        if (Number(process.env.npm_config_timeout_exit)) {","            setTimeout(process.exit, Number(process.env.npm_config_timeout_exit));","        }","        // start server","        if (local.global.utility2_serverHttp1) {","            break;","        }","        process.env.PORT = process.env.PORT || '8081';","        console.error('server starting on port ' + process.env.PORT);","        local.http.createServer(function (request, response) {","            request.urlParsed = local.url.parse(request.url);","            if (local.assetsDict[request.urlParsed.pathname] !== undefined) {","                response.end(local.assetsDict[request.urlParsed.pathname]);","                return;","            }","            response.statusCode = 404;","            response.end();","        }).listen(process.env.PORT);","        break;","    }","}());",""],"l":{"26":2,"28":2,"33":2,"35":2,"37":2,"38":2,"39":2,"44":1,"51":2,"55":2,"59":2,"61":2,"69":1,"70":2,"76":2,"79":2,"82":2,"83":2,"85":1,"89":2,"92":1,"93":1,"94":1,"96":1,"97":1,"100":1,"101":1,"103":1,"106":1,"108":2,"114":1,"116":1,"118":1,"123":1,"124":2,"125":2,"126":2,"127":2,"128":2,"129":2,"130":1,"133":2,"134":2,"139":2,"143":1,"144":3,"145":1,"149":1,"150":1,"158":1,"160":1,"161":1,"162":1,"164":1,"166":1,"258":1,"259":1,"271":1,"274":6,"275":6,"277":1,"279":2,"281":1,"283":2,"288":1,"289":1,"291":1,"294":1,"302":1,"305":1,"306":1,"309":1,"310":1,"312":1,"313":1,"314":1,"315":1,"316":1,"317":1,"318":1,"320":1,"321":1,"323":1}},"/home/travis/build/npmtest/node-npmtest-thepiratebay/node_modules/thepiratebay/lib/PirateBay.js":{"path":"/home/travis/build/npmtest/node-npmtest-thepiratebay/node_modules/thepiratebay/lib/PirateBay.js","s":{"1":1,"2":1,"3":0,"4":1,"5":1,"6":0,"7":0,"8":0,"9":1,"10":1,"11":1,"12":1,"13":1,"14":1,"15":1,"16":1,"17":1,"18":1,"19":1,"20":1,"21":1,"22":1,"23":1,"24":1,"25":1,"26":5,"27":1,"28":1,"29":1,"30":1,"31":1,"32":0,"33":0,"34":0,"35":0,"36":0,"37":0,"38":0,"39":0,"40":1,"41":0,"42":0,"43":0,"44":0,"45":0,"46":0,"47":0,"48":1,"49":0,"50":0,"51":0,"52":0,"53":0,"54":0,"55":1,"56":0,"57":0,"58":0,"59":0,"60":0,"61":0,"62":0,"63":0,"64":1,"65":0,"66":0,"67":0,"68":0,"69":0,"70":1,"71":0,"72":0,"73":0,"74":0,"75":1,"76":0,"77":0,"78":0,"79":0,"80":0,"81":1,"82":0,"83":1,"84":0,"85":0,"86":0,"87":0,"88":0,"89":0,"90":1,"91":0,"92":1,"93":0,"94":1},"b":{"1":[0,1],"2":[1,0],"3":[1,0],"4":[3,2],"5":[5,5],"6":[1,1],"7":[0,0],"8":[0,0],"9":[0,0],"10":[0,0],"11":[0,0],"12":[0,0],"13":[0,0],"14":[0,0],"15":[0,0],"16":[0,0],"17":[0,0],"18":[0,0],"19":[0,0],"20":[0,0],"21":[0,0],"22":[0,0],"23":[0,0],"24":[0,0],"25":[0,0],"26":[0,0],"27":[0,0],"28":[0,0],"29":[0,0],"30":[0,0],"31":[0,0],"32":[0,0],"33":[0,0],"34":[0,0],"35":[0,0],"36":[0,0],"37":[0,0],"38":[0,0],"39":[0,0],"40":[0,0],"41":[0,0]},"f":{"1":1,"2":1,"3":5,"4":0,"5":0,"6":0,"7":0,"8":0,"9":0,"10":0,"11":0,"12":0,"13":0,"14":0,"15":0,"16":0},"fnMap":{"1":{"name":"(anonymous_1)","line":1,"loc":{"start":{"line":1,"column":1},"end":{"line":1,"column":28}}},"2":{"name":"(anonymous_2)","line":13,"loc":{"start":{"line":13,"column":9},"end":{"line":13,"column":110}}},"3":{"name":"_interopRequireDefault","line":40,"loc":{"start":{"line":40,"column":2},"end":{"line":40,"column":39}}},"4":{"name":"convertOrderByObject","line":95,"loc":{"start":{"line":95,"column":2},"end":{"line":95,"column":34}}},"5":{"name":"(anonymous_5)","line":101,"loc":{"start":{"line":101,"column":30},"end":{"line":101,"column":49}}},"6":{"name":"castNumberToString","line":116,"loc":{"start":{"line":116,"column":2},"end":{"line":116,"column":42}}},"7":{"name":"resolveCategory","line":135,"loc":{"start":{"line":135,"column":2},"end":{"line":135,"column":59}}},"8":{"name":"search","line":149,"loc":{"start":{"line":149,"column":2},"end":{"line":149,"column":20}}},"9":{"name":"getTorrent","line":180,"loc":{"start":{"line":180,"column":2},"end":{"line":180,"column":26}}},"10":{"name":"(anonymous_10)","line":181,"loc":{"start":{"line":181,"column":14},"end":{"line":181,"column":26}}},"11":{"name":"getComments","line":194,"loc":{"start":{"line":194,"column":2},"end":{"line":194,"column":27}}},"12":{"name":"topTorrents","line":201,"loc":{"start":{"line":201,"column":2},"end":{"line":201,"column":25}}},"13":{"name":"recentTorrents","line":214,"loc":{"start":{"line":214,"column":2},"end":{"line":214,"column":28}}},"14":{"name":"userTorrents","line":218,"loc":{"start":{"line":218,"column":2},"end":{"line":218,"column":34}}},"15":{"name":"getTvShow","line":242,"loc":{"start":{"line":242,"column":2},"end":{"line":242,"column":25}}},"16":{"name":"getCategories","line":246,"loc":{"start":{"line":246,"column":2},"end":{"line":246,"column":27}}}},"statementMap":{"1":{"start":{"line":1,"column":0},"end":{"line":260,"column":3}},"2":{"start":{"line":2,"column":2},"end":{"line":12,"column":3}},"3":{"start":{"line":3,"column":4},"end":{"line":3,"column":187}},"4":{"start":{"line":4,"column":9},"end":{"line":12,"column":3}},"5":{"start":{"line":5,"column":4},"end":{"line":5,"column":229}},"6":{"start":{"line":7,"column":4},"end":{"line":9,"column":6}},"7":{"start":{"line":10,"column":4},"end":{"line":10,"column":142}},"8":{"start":{"line":11,"column":4},"end":{"line":11,"column":35}},"9":{"start":{"line":16,"column":2},"end":{"line":18,"column":5}},"10":{"start":{"line":19,"column":2},"end":{"line":19,"column":86}},"11":{"start":{"line":20,"column":2},"end":{"line":20,"column":54}},"12":{"start":{"line":21,"column":2},"end":{"line":21,"column":26}},"13":{"start":{"line":22,"column":2},"end":{"line":22,"column":34}},"14":{"start":{"line":23,"column":2},"end":{"line":23,"column":36}},"15":{"start":{"line":24,"column":2},"end":{"line":24,"column":36}},"16":{"start":{"line":25,"column":2},"end":{"line":25,"column":42}},"17":{"start":{"line":26,"column":2},"end":{"line":26,"column":38}},"18":{"start":{"line":27,"column":2},"end":{"line":27,"column":32}},"19":{"start":{"line":28,"column":2},"end":{"line":28,"column":40}},"20":{"start":{"line":30,"column":2},"end":{"line":30,"column":50}},"21":{"start":{"line":32,"column":2},"end":{"line":32,"column":84}},"22":{"start":{"line":34,"column":2},"end":{"line":34,"column":52}},"23":{"start":{"line":36,"column":2},"end":{"line":36,"column":53}},"24":{"start":{"line":38,"column":2},"end":{"line":38,"column":59}},"25":{"start":{"line":40,"column":2},"end":{"line":44,"column":3}},"26":{"start":{"line":41,"column":4},"end":{"line":43,"column":6}},"27":{"start":{"line":46,"column":2},"end":{"line":46,"column":106}},"28":{"start":{"line":48,"column":2},"end":{"line":48,"column":81}},"29":{"start":{"line":50,"column":2},"end":{"line":58,"column":4}},"30":{"start":{"line":60,"column":2},"end":{"line":67,"column":4}},"31":{"start":{"line":95,"column":2},"end":{"line":111,"column":3}},"32":{"start":{"line":96,"column":4},"end":{"line":96,"column":105}},"33":{"start":{"line":98,"column":4},"end":{"line":98,"column":202}},"34":{"start":{"line":101,"column":4},"end":{"line":103,"column":7}},"35":{"start":{"line":102,"column":6},"end":{"line":102,"column":95}},"36":{"start":{"line":106,"column":4},"end":{"line":106,"column":72}},"37":{"start":{"line":108,"column":4},"end":{"line":108,"column":56}},"38":{"start":{"line":108,"column":23},"end":{"line":108,"column":56}},"39":{"start":{"line":110,"column":4},"end":{"line":110,"column":24}},"40":{"start":{"line":116,"column":2},"end":{"line":130,"column":3}},"41":{"start":{"line":117,"column":4},"end":{"line":119,"column":5}},"42":{"start":{"line":118,"column":6},"end":{"line":118,"column":32}},"43":{"start":{"line":121,"column":4},"end":{"line":123,"column":5}},"44":{"start":{"line":122,"column":6},"end":{"line":122,"column":24}},"45":{"start":{"line":125,"column":4},"end":{"line":127,"column":5}},"46":{"start":{"line":126,"column":6},"end":{"line":126,"column":53}},"47":{"start":{"line":129,"column":4},"end":{"line":129,"column":67}},"48":{"start":{"line":135,"column":2},"end":{"line":147,"column":3}},"49":{"start":{"line":136,"column":4},"end":{"line":138,"column":5}},"50":{"start":{"line":137,"column":6},"end":{"line":137,"column":27}},"51":{"start":{"line":140,"column":4},"end":{"line":144,"column":5}},"52":{"start":{"line":141,"column":6},"end":{"line":143,"column":7}},"53":{"start":{"line":142,"column":8},"end":{"line":142,"column":53}},"54":{"start":{"line":146,"column":4},"end":{"line":146,"column":27}},"55":{"start":{"line":149,"column":2},"end":{"line":178,"column":3}},"56":{"start":{"line":150,"column":4},"end":{"line":150,"column":88}},"57":{"start":{"line":151,"column":4},"end":{"line":151,"column":86}},"58":{"start":{"line":153,"column":4},"end":{"line":153,"column":98}},"59":{"start":{"line":155,"column":4},"end":{"line":159,"column":7}},"60":{"start":{"line":161,"column":4},"end":{"line":166,"column":120}},"61":{"start":{"line":168,"column":4},"end":{"line":168,"column":84}},"62":{"start":{"line":170,"column":4},"end":{"line":175,"column":7}},"63":{"start":{"line":177,"column":4},"end":{"line":177,"column":74}},"64":{"start":{"line":180,"column":2},"end":{"line":192,"column":3}},"65":{"start":{"line":181,"column":4},"end":{"line":189,"column":8}},"66":{"start":{"line":182,"column":6},"end":{"line":184,"column":7}},"67":{"start":{"line":183,"column":8},"end":{"line":183,"column":23}},"68":{"start":{"line":185,"column":6},"end":{"line":188,"column":9}},"69":{"start":{"line":191,"column":4},"end":{"line":191,"column":65}},"70":{"start":{"line":194,"column":2},"end":{"line":199,"column":3}},"71":{"start":{"line":195,"column":4},"end":{"line":195,"column":53}},"72":{"start":{"line":196,"column":4},"end":{"line":196,"column":44}},"73":{"start":{"line":197,"column":4},"end":{"line":197,"column":30}},"74":{"start":{"line":198,"column":4},"end":{"line":198,"column":88}},"75":{"start":{"line":201,"column":2},"end":{"line":212,"column":3}},"76":{"start":{"line":202,"column":4},"end":{"line":202,"column":93}},"77":{"start":{"line":204,"column":4},"end":{"line":204,"column":32}},"78":{"start":{"line":207,"column":4},"end":{"line":209,"column":5}},"79":{"start":{"line":208,"column":6},"end":{"line":208,"column":52}},"80":{"start":{"line":211,"column":4},"end":{"line":211,"column":106}},"81":{"start":{"line":214,"column":2},"end":{"line":216,"column":3}},"82":{"start":{"line":215,"column":4},"end":{"line":215,"column":77}},"83":{"start":{"line":218,"column":2},"end":{"line":237,"column":3}},"84":{"start":{"line":219,"column":4},"end":{"line":219,"column":86}},"85":{"start":{"line":220,"column":4},"end":{"line":220,"column":31}},"86":{"start":{"line":224,"column":4},"end":{"line":229,"column":5}},"87":{"start":{"line":225,"column":6},"end":{"line":228,"column":9}},"88":{"start":{"line":231,"column":4},"end":{"line":234,"column":7}},"89":{"start":{"line":236,"column":4},"end":{"line":236,"column":63}},"90":{"start":{"line":242,"column":2},"end":{"line":244,"column":3}},"91":{"start":{"line":243,"column":4},"end":{"line":243,"column":78}},"92":{"start":{"line":246,"column":2},"end":{"line":248,"column":3}},"93":{"start":{"line":247,"column":4},"end":{"line":247,"column":80}},"94":{"start":{"line":250,"column":2},"end":{"line":259,"column":4}}},"branchMap":{"1":{"line":2,"type":"if","locations":[{"start":{"line":2,"column":2},"end":{"line":2,"column":2}},{"start":{"line":2,"column":2},"end":{"line":2,"column":2}}]},"2":{"line":2,"type":"binary-expr","locations":[{"start":{"line":2,"column":6},"end":{"line":2,"column":34}},{"start":{"line":2,"column":38},"end":{"line":2,"column":48}}]},"3":{"line":4,"type":"if","locations":[{"start":{"line":4,"column":9},"end":{"line":4,"column":9}},{"start":{"line":4,"column":9},"end":{"line":4,"column":9}}]},"4":{"line":41,"type":"cond-expr","locations":[{"start":{"line":41,"column":35},"end":{"line":41,"column":38}},{"start":{"line":41,"column":41},"end":{"line":43,"column":5}}]},"5":{"line":41,"type":"binary-expr","locations":[{"start":{"line":41,"column":11},"end":{"line":41,"column":14}},{"start":{"line":41,"column":18},"end":{"line":41,"column":32}}]},"6":{"line":46,"type":"binary-expr","locations":[{"start":{"line":46,"column":34},"end":{"line":46,"column":75}},{"start":{"line":46,"column":79},"end":{"line":46,"column":105}}]},"7":{"line":96,"type":"cond-expr","locations":[{"start":{"line":96,"column":77},"end":{"line":96,"column":89}},{"start":{"line":96,"column":92},"end":{"line":96,"column":104}}]},"8":{"line":96,"type":"binary-expr","locations":[{"start":{"line":96,"column":24},"end":{"line":96,"column":44}},{"start":{"line":96,"column":48},"end":{"line":96,"column":74}}]},"9":{"line":102,"type":"binary-expr","locations":[{"start":{"line":102,"column":13},"end":{"line":102,"column":52}},{"start":{"line":102,"column":56},"end":{"line":102,"column":94}}]},"10":{"line":106,"type":"cond-expr","locations":[{"start":{"line":106,"column":32},"end":{"line":106,"column":59}},{"start":{"line":106,"column":62},"end":{"line":106,"column":71}}]},"11":{"line":108,"type":"if","locations":[{"start":{"line":108,"column":4},"end":{"line":108,"column":4}},{"start":{"line":108,"column":4},"end":{"line":108,"column":4}}]},"12":{"line":117,"type":"if","locations":[{"start":{"line":117,"column":4},"end":{"line":117,"column":4}},{"start":{"line":117,"column":4},"end":{"line":117,"column":4}}]},"13":{"line":121,"type":"if","locations":[{"start":{"line":121,"column":4},"end":{"line":121,"column":4}},{"start":{"line":121,"column":4},"end":{"line":121,"column":4}}]},"14":{"line":125,"type":"if","locations":[{"start":{"line":125,"column":4},"end":{"line":125,"column":4}},{"start":{"line":125,"column":4},"end":{"line":125,"column":4}}]},"15":{"line":125,"type":"binary-expr","locations":[{"start":{"line":125,"column":8},"end":{"line":125,"column":38}},{"start":{"line":125,"column":42},"end":{"line":125,"column":72}}]},"16":{"line":136,"type":"if","locations":[{"start":{"line":136,"column":4},"end":{"line":136,"column":4}},{"start":{"line":136,"column":4},"end":{"line":136,"column":4}}]},"17":{"line":140,"type":"if","locations":[{"start":{"line":140,"column":4},"end":{"line":140,"column":4}},{"start":{"line":140,"column":4},"end":{"line":140,"column":4}}]},"18":{"line":141,"type":"if","locations":[{"start":{"line":141,"column":6},"end":{"line":141,"column":6}},{"start":{"line":141,"column":6},"end":{"line":141,"column":6}}]},"19":{"line":150,"type":"cond-expr","locations":[{"start":{"line":150,"column":69},"end":{"line":150,"column":81}},{"start":{"line":150,"column":84},"end":{"line":150,"column":87}}]},"20":{"line":150,"type":"binary-expr","locations":[{"start":{"line":150,"column":16},"end":{"line":150,"column":36}},{"start":{"line":150,"column":40},"end":{"line":150,"column":66}}]},"21":{"line":151,"type":"cond-expr","locations":[{"start":{"line":151,"column":68},"end":{"line":151,"column":80}},{"start":{"line":151,"column":83},"end":{"line":151,"column":85}}]},"22":{"line":151,"type":"binary-expr","locations":[{"start":{"line":151,"column":15},"end":{"line":151,"column":35}},{"start":{"line":151,"column":39},"end":{"line":151,"column":65}}]},"23":{"line":156,"type":"cond-expr","locations":[{"start":{"line":156,"column":24},"end":{"line":156,"column":53}},{"start":{"line":156,"column":56},"end":{"line":156,"column":75}}]},"24":{"line":157,"type":"cond-expr","locations":[{"start":{"line":157,"column":32},"end":{"line":157,"column":69}},{"start":{"line":157,"column":72},"end":{"line":157,"column":95}}]},"25":{"line":158,"type":"cond-expr","locations":[{"start":{"line":158,"column":30},"end":{"line":158,"column":62}},{"start":{"line":158,"column":65},"end":{"line":158,"column":87}}]},"26":{"line":182,"type":"if","locations":[{"start":{"line":182,"column":6},"end":{"line":182,"column":6}},{"start":{"line":182,"column":6},"end":{"line":182,"column":6}}]},"27":{"line":182,"type":"cond-expr","locations":[{"start":{"line":182,"column":39},"end":{"line":182,"column":50}},{"start":{"line":182,"column":53},"end":{"line":182,"column":78}}]},"28":{"line":185,"type":"cond-expr","locations":[{"start":{"line":185,"column":58},"end":{"line":185,"column":84}},{"start":{"line":188,"column":6},"end":{"line":188,"column":8}}]},"29":{"line":185,"type":"binary-expr","locations":[{"start":{"line":185,"column":13},"end":{"line":185,"column":35}},{"start":{"line":185,"column":39},"end":{"line":185,"column":55}}]},"30":{"line":202,"type":"cond-expr","locations":[{"start":{"line":202,"column":72},"end":{"line":202,"column":84}},{"start":{"line":202,"column":87},"end":{"line":202,"column":92}}]},"31":{"line":202,"type":"binary-expr","locations":[{"start":{"line":202,"column":19},"end":{"line":202,"column":39}},{"start":{"line":202,"column":43},"end":{"line":202,"column":69}}]},"32":{"line":207,"type":"if","locations":[{"start":{"line":207,"column":4},"end":{"line":207,"column":4}},{"start":{"line":207,"column":4},"end":{"line":207,"column":4}}]},"33":{"line":211,"type":"binary-expr","locations":[{"start":{"line":211,"column":55},"end":{"line":211,"column":69}},{"start":{"line":211,"column":73},"end":{"line":211,"column":81}}]},"34":{"line":219,"type":"cond-expr","locations":[{"start":{"line":219,"column":68},"end":{"line":219,"column":80}},{"start":{"line":219,"column":83},"end":{"line":219,"column":85}}]},"35":{"line":219,"type":"binary-expr","locations":[{"start":{"line":219,"column":15},"end":{"line":219,"column":35}},{"start":{"line":219,"column":39},"end":{"line":219,"column":65}}]},"36":{"line":224,"type":"if","locations":[{"start":{"line":224,"column":4},"end":{"line":224,"column":4}},{"start":{"line":224,"column":4},"end":{"line":224,"column":4}}]},"37":{"line":224,"type":"binary-expr","locations":[{"start":{"line":224,"column":8},"end":{"line":224,"column":19}},{"start":{"line":224,"column":23},"end":{"line":224,"column":35}}]},"38":{"line":226,"type":"binary-expr","locations":[{"start":{"line":226,"column":16},"end":{"line":226,"column":27}},{"start":{"line":226,"column":31},"end":{"line":226,"column":37}}]},"39":{"line":227,"type":"binary-expr","locations":[{"start":{"line":227,"column":17},"end":{"line":227,"column":29}},{"start":{"line":227,"column":33},"end":{"line":227,"column":40}}]},"40":{"line":232,"type":"cond-expr","locations":[{"start":{"line":232,"column":24},"end":{"line":232,"column":53}},{"start":{"line":232,"column":56},"end":{"line":232,"column":59}}]},"41":{"line":233,"type":"binary-expr","locations":[{"start":{"line":233,"column":15},"end":{"line":233,"column":22}},{"start":{"line":233,"column":26},"end":{"line":233,"column":30}}]}},"code":["(function (global, factory) {","  if (typeof define === \"function\" && define.amd) {","    define(['exports', 'babel-runtime/helpers/typeof', 'babel-runtime/helpers/objectWithoutProperties', 'babel-runtime/helpers/extends', 'form-data', 'querystring', './Parser'], factory);","  } else if (typeof exports !== \"undefined\") {","    factory(exports, require('babel-runtime/helpers/typeof'), require('babel-runtime/helpers/objectWithoutProperties'), require('babel-runtime/helpers/extends'), require('form-data'), require('querystring'), require('./Parser'));","  } else {","    var mod = {","      exports: {}","    };","    factory(mod.exports, global._typeof, global.objectWithoutProperties, global._extends, global.formData, global.querystring, global.Parser);","    global.PirateBay = mod.exports;","  }","})(this, function (exports, _typeof2, _objectWithoutProperties2, _extends2, _formData, _querystring, _Parser) {","  'use strict';","","  Object.defineProperty(exports, \"__esModule\", {","    value: true","  });","  exports.primaryCategoryNumbers = exports.defaultOrder = exports.baseUrl = undefined;","  exports.convertOrderByObject = convertOrderByObject;","  exports.search = search;","  exports.getTorrent = getTorrent;","  exports.getComments = getComments;","  exports.topTorrents = topTorrents;","  exports.recentTorrents = recentTorrents;","  exports.userTorrents = userTorrents;","  exports.getTvShow = getTvShow;","  exports.getCategories = getCategories;","","  var _typeof3 = _interopRequireDefault(_typeof2);","","  var _objectWithoutProperties3 = _interopRequireDefault(_objectWithoutProperties2);","","  var _extends3 = _interopRequireDefault(_extends2);","","  var _formData2 = _interopRequireDefault(_formData);","","  var _querystring2 = _interopRequireDefault(_querystring);","","  function _interopRequireDefault(obj) {","    return obj && obj.__esModule ? obj : {","      default: obj","    };","  }","","  var baseUrl = exports.baseUrl = process.env.THEPIRATEBAY_DEFAULT_ENDPOINT || 'https://thepiratebay.org';","  // $FlowFixMe - form-data library not supported","  var defaultOrder = exports.defaultOrder = { orderBy: 'seeds', sortBy: 'desc' };","","  var searchDefaults = {","    category: '0',","    page: '0',","    filter: {","      verified: false","    },","    orderBy: 'seeds',","    sortBy: 'desc'","  };","","  var primaryCategoryNumbers = exports.primaryCategoryNumbers = {","    audio: 100,","    video: 200,","    applications: 300,","    games: 400,","    xxx: 500,","    other: 600","  };","","  /*","   * opts:","   *  category","   *    0   - all","   *    101 - 699","   *  page","   *    0 - 99","   *  orderBy","   *     1  - name desc","   *     2  - name asc","   *     3  - date desc","   *     4  - date asc","   *     5  - size desc","   *     6  - size asc","   *     7  - seeds desc","   *     8  - seeds asc","   *     9  - leeches desc","   *     10 - leeches asc","   */","","  /**","   * Take a orderBy object and convert it to its according number","   *","   * @example: { orderBy: 'leeches', sortBy: 'asc' }","   * @example: { orderBy: 'name', sortBy: 'desc' }","   */","  function convertOrderByObject() {","    var orderByObject = arguments.length > 0 && arguments[0] !== undefined ? arguments[0] : defaultOrder;","","    var options = [['name', 'desc'], ['name', 'asc'], ['date', 'desc'], ['date', 'asc'], ['size', 'desc'], ['size', 'asc'], ['seeds', 'desc'], ['seeds', 'asc'], ['leeches', 'desc'], ['leeches', 'asc']];","","    // Find the query option","    var option = options.find(function (_option) {","      return _option.includes(orderByObject.orderBy) && _option.includes(orderByObject.sortBy);","    });","","    // Get the index of the query option","    var searchNumber = option ? options.indexOf(option) + 1 : undefined;","","    if (!searchNumber) throw Error(\"Can't find option\");","","    return searchNumber;","  }","","  /**","   * Helper method for parsing page numbers","   */","  function castNumberToString(pageNumber) {","    if (typeof pageNumber === 'number') {","      return String(pageNumber);","    }","","    if (typeof pageNumber === 'string') {","      return pageNumber;","    }","","    if (typeof pageNumber !== 'string' || typeof pageNumber !== 'number') {","      throw new Error('Unexpected page number type');","    }","","    throw new Error('Unable to cast ' + pageNumber + ' to string');","  }","","  /**","   * Determine the category number from an category name ('movies', 'audio', etc)","   */","  function resolveCategory(categoryParam, defaultCategory) {","    if (typeof categoryParam === 'number') {","      return categoryParam;","    }","","    if (typeof categoryParam === 'string') {","      if (categoryParam in primaryCategoryNumbers) {","        return primaryCategoryNumbers[categoryParam];","      }","    }","","    return defaultCategory;","  }","","  function search() {","    var title = arguments.length > 0 && arguments[0] !== undefined ? arguments[0] : '*';","    var opts = arguments.length > 1 && arguments[1] !== undefined ? arguments[1] : {};","","    var convertedCategory = resolveCategory(opts.category, parseInt(searchDefaults.category, 10));","","    var castedOptions = (0, _extends3.default)({}, opts, {","      page: opts.page ? castNumberToString(opts.page) : searchDefaults.page,","      category: opts.category ? castNumberToString(convertedCategory) : searchDefaults.category,","      orderby: opts.orderby ? castNumberToString(opts.orderby) : searchDefaults.orderBy","    });","","    var _searchDefaults$caste = (0, _extends3.default)({}, searchDefaults, castedOptions),","        page = _searchDefaults$caste.page,","        category = _searchDefaults$caste.category,","        orderBy = _searchDefaults$caste.orderBy,","        sortBy = _searchDefaults$caste.sortBy,","        rest = (0, _objectWithoutProperties3.default)(_searchDefaults$caste, ['page', 'category', 'orderBy', 'sortBy']);","","    var orderingNumber = convertOrderByObject({ orderBy: orderBy, sortBy: sortBy });","","    var url = baseUrl + '/s/?' + _querystring2.default.stringify({","      q: title,","      category: category,","      page: page,","      orderby: orderingNumber","    });","","    return (0, _Parser.parsePage)(url, _Parser.parseResults, rest.filter);","  }","","  function getTorrent(id) {","    var url = function () {","      if ((typeof id === 'undefined' ? 'undefined' : (0, _typeof3.default)(id)) === 'object') {","        return id.link;","      }","      return typeof id === 'number' || /^\\d+$/.test(id) ? baseUrl + '/torrent/' + id :","      // If id is an object return it's link property. Otherwise,","      // return 'id' itself","      id;","    }();","","    return (0, _Parser.parsePage)(url, _Parser.parseTorrentPage);","  }","","  function getComments(id) {","    var url = baseUrl + '/ajax_details_comments.php';","    var formData = new _formData2.default();","    formData.append('id', id);","    return (0, _Parser.parsePage)(url, _Parser.parseCommentsPage, {}, 'POST', formData);","  }","","  function topTorrents() {","    var category = arguments.length > 0 && arguments[0] !== undefined ? arguments[0] : 'all';","","    var castedCategory = void 0;","","    // Check if category is number and can be casted","    if (parseInt(category, 10)) {","      castedCategory = castNumberToString(category);","    }","","    return (0, _Parser.parsePage)(baseUrl + '/top/' + (castedCategory || category), _Parser.parseResults);","  }","","  function recentTorrents() {","    return (0, _Parser.parsePage)(baseUrl + '/recent', _Parser.parseResults);","  }","","  function userTorrents(username) {","    var opts = arguments.length > 1 && arguments[1] !== undefined ? arguments[1] : {};","    var orderby = opts.orderby;","","","    // Determine orderingNumber given orderBy and sortBy","    if (opts.sortBy || opts.orderBy) {","      orderby = convertOrderByObject({","        sortBy: opts.sortBy || 'desc',","        orderBy: opts.orderBy || 'seeds'","      });","    }","","    var query = baseUrl + '/user/' + username + '/?' + _querystring2.default.stringify({","      page: opts.page ? castNumberToString(opts.page) : '0',","      orderby: orderby || '99'","    });","","    return (0, _Parser.parsePage)(query, _Parser.parseResults);","  }","","  /**","   * @TODO: url not longer returning results","   */","  function getTvShow(id) {","    return (0, _Parser.parsePage)(baseUrl + '/tv/' + id, _Parser.parseTvShow);","  }","","  function getCategories() {","    return (0, _Parser.parsePage)(baseUrl + '/recent', _Parser.parseCategories);","  }","","  exports.default = {","    search: search,","    getTorrent: getTorrent,","    getComments: getComments,","    topTorrents: topTorrents,","    recentTorrents: recentTorrents,","    userTorrents: userTorrents,","    getTvShow: getTvShow,","    getCategories: getCategories","  };","});"],"l":{"1":1,"2":1,"3":0,"4":1,"5":1,"7":0,"10":0,"11":0,"16":1,"19":1,"20":1,"21":1,"22":1,"23":1,"24":1,"25":1,"26":1,"27":1,"28":1,"30":1,"32":1,"34":1,"36":1,"38":1,"40":1,"41":5,"46":1,"48":1,"50":1,"60":1,"95":1,"96":0,"98":0,"101":0,"102":0,"106":0,"108":0,"110":0,"116":1,"117":0,"118":0,"121":0,"122":0,"125":0,"126":0,"129":0,"135":1,"136":0,"137":0,"140":0,"141":0,"142":0,"146":0,"149":1,"150":0,"151":0,"153":0,"155":0,"161":0,"168":0,"170":0,"177":0,"180":1,"181":0,"182":0,"183":0,"185":0,"191":0,"194":1,"195":0,"196":0,"197":0,"198":0,"201":1,"202":0,"204":0,"207":0,"208":0,"211":0,"214":1,"215":0,"218":1,"219":0,"220":0,"224":0,"225":0,"231":0,"236":0,"242":1,"243":0,"246":1,"247":0,"250":1}},"/home/travis/build/npmtest/node-npmtest-thepiratebay/node_modules/thepiratebay/lib/Parser.js":{"path":"/home/travis/build/npmtest/node-npmtest-thepiratebay/node_modules/thepiratebay/lib/Parser.js","s":{"1":1,"2":1,"3":0,"4":1,"5":1,"6":0,"7":0,"8":0,"9":1,"10":1,"11":1,"12":1,"13":1,"14":1,"15":1,"16":1,"17":1,"18":1,"19":1,"20":1,"21":1,"22":1,"23":1,"24":1,"25":1,"26":1,"27":1,"28":6,"29":1,"30":1,"31":0,"32":1,"33":0,"34":1,"35":0,"36":1,"37":1,"38":0,"39":0,"40":0,"41":0,"42":0,"43":0,"44":0,"45":0,"46":0,"47":0,"48":0,"49":0,"50":0,"51":0,"52":1,"53":0,"54":1,"55":0,"56":0,"57":0,"58":0,"59":0,"60":0,"61":0,"62":0,"63":0,"64":0,"65":0,"66":0,"67":0,"68":0,"69":0,"70":0,"71":0,"72":0,"73":0,"74":0,"75":0,"76":0,"77":0,"78":0,"79":0,"80":0,"81":0,"82":0,"83":0,"84":0,"85":0,"86":0,"87":0,"88":0,"89":0,"90":0,"91":0,"92":0,"93":1,"94":0,"95":0,"96":0,"97":0,"98":0,"99":0,"100":0,"101":0,"102":0,"103":0,"104":0,"105":0,"106":0,"107":0,"108":0,"109":0,"110":0,"111":0,"112":0,"113":0,"114":0,"115":0,"116":0,"117":1,"118":0,"119":0,"120":0,"121":0,"122":0,"123":0,"124":0,"125":0,"126":0,"127":0,"128":1,"129":0,"130":0,"131":0,"132":0,"133":0,"134":0,"135":0,"136":0,"137":0,"138":0,"139":0,"140":0,"141":0,"142":1,"143":0,"144":0,"145":0,"146":0,"147":0,"148":0,"149":0,"150":0,"151":0,"152":1,"153":0,"154":0,"155":0,"156":0,"157":0,"158":0,"159":0,"160":0,"161":0,"162":0,"163":0,"164":1,"165":0,"166":0,"167":0,"168":0,"169":0,"170":0},"b":{"1":[0,1],"2":[1,0],"3":[1,0],"4":[2,4],"5":[6,6],"6":[0,0],"7":[0,0,0,0],"8":[0,0],"9":[0,0],"10":[0,0],"11":[0,0],"12":[0,0],"13":[0,0],"14":[0,0,0],"15":[0,0],"16":[0,0],"17":[0,0],"18":[0,0],"19":[0,0],"20":[0,0],"21":[0,0]},"f":{"1":1,"2":1,"3":6,"4":0,"5":0,"6":0,"7":1,"8":0,"9":0,"10":0,"11":0,"12":0,"13":0,"14":0,"15":0,"16":0,"17":0,"18":0,"19":0,"20":0,"21":0,"22":0,"23":0,"24":0,"25":0,"26":0,"27":0,"28":0,"29":0,"30":0,"31":0,"32":0,"33":0,"34":0,"35":0,"36":0,"37":0,"38":0,"39":0,"40":0,"41":0,"42":0,"43":0,"44":0,"45":0,"46":0,"47":0,"48":0},"fnMap":{"1":{"name":"(anonymous_1)","line":1,"loc":{"start":{"line":1,"column":1},"end":{"line":1,"column":28}}},"2":{"name":"(anonymous_2)","line":13,"loc":{"start":{"line":13,"column":9},"end":{"line":13,"column":123}}},"3":{"name":"_interopRequireDefault","line":43,"loc":{"start":{"line":43,"column":2},"end":{"line":43,"column":39}}},"4":{"name":"_parseTorrentIsVIP","line":57,"loc":{"start":{"line":57,"column":2},"end":{"line":57,"column":39}}},"5":{"name":"_parseTorrentIsTrusted","line":61,"loc":{"start":{"line":61,"column":2},"end":{"line":61,"column":43}}},"6":{"name":"isTorrentVerified","line":65,"loc":{"start":{"line":65,"column":2},"end":{"line":65,"column":38}}},"7":{"name":"(anonymous_7)","line":69,"loc":{"start":{"line":69,"column":44},"end":{"line":69,"column":56}}},"8":{"name":"_callee","line":70,"loc":{"start":{"line":70,"column":74},"end":{"line":70,"column":93}}},"9":{"name":"_callee$","line":72,"loc":{"start":{"line":72,"column":40},"end":{"line":72,"column":68}}},"10":{"name":"(anonymous_10)","line":77,"loc":{"start":{"line":77,"column":81},"end":{"line":77,"column":96}}},"11":{"name":"getElementLinks","line":84,"loc":{"start":{"line":84,"column":48},"end":{"line":84,"column":75}}},"12":{"name":"(anonymous_12)","line":86,"loc":{"start":{"line":86,"column":30},"end":{"line":86,"column":52}}},"13":{"name":"getProxyList","line":99,"loc":{"start":{"line":99,"column":11},"end":{"line":99,"column":35}}},"14":{"name":"parsePage","line":104,"loc":{"start":{"line":104,"column":2},"end":{"line":104,"column":41}}},"15":{"name":"(anonymous_15)","line":112,"loc":{"start":{"line":112,"column":18},"end":{"line":112,"column":30}}},"16":{"name":"_callee2","line":113,"loc":{"start":{"line":113,"column":77},"end":{"line":113,"column":102}}},"17":{"name":"_callee2$","line":115,"loc":{"start":{"line":115,"column":42},"end":{"line":115,"column":72}}},"18":{"name":"(anonymous_18)","line":127,"loc":{"start":{"line":127,"column":41},"end":{"line":127,"column":57}}},"19":{"name":"(anonymous_19)","line":129,"loc":{"start":{"line":129,"column":23
[...]
},"151":{"start":{"line":313,"column":6},"end":{"line":317,"column":8}},"152":{"start":{"line":321,"column":2},"end":{"line":348,"column":3}},"153":{"start":{"line":322,"column":4},"end":{"line":322,"column":51}},"154":{"start":{"line":323,"column":4},"end":{"line":323,"column":60}},"155":{"start":{"line":324,"column":4},"end":{"line":324,"column":30}},"156":{"start":{"line":326,"column":4},"end":{"line":345,"column":7}},"157":{"start":{"line":327,"column":6},"end":{"line":327,"column":31}},"158":{"start":{"line":329,"column":6},"end":{"line":333,"column":8}},"159":{"start":{"line":335,"column":6},"end":{"line":342,"column":9}},"160":{"start":{"line":336,"column":8},"end":{"line":339,"column":10}},"161":{"start":{"line":341,"column":8},"end":{"line":341,"column":56}},"162":{"start":{"line":344,"column":6},"end":{"line":344,"column":22}},"163":{"start":{"line":347,"column":4},"end":{"line":347,"column":28}},"164":{"start":{"line":350,"column":2},"end":{"line":364,"column":3}},"165":{"start":{"line":351,"column":4},"end":{"line":351,"column":49}},"166":{"start":{"line":353,"column":4},"end":{"line":361,"column":7}},"167":{"start":{"line":354,"column":6},"end":{"line":354,"column":62}},"168":{"start":{"line":355,"column":6},"end":{"line":355,"column":49}},"169":{"start":{"line":357,"column":6},"end":{"line":360,"column":8}},"170":{"start":{"line":363,"column":4},"end":{"line":363,"column":26}}},"branchMap":{"1":{"line":2,"type":"if","locations":[{"start":{"line":2,"column":2},"end":{"line":2,"column":2}},{"start":{"line":2,"column":2},"end":{"line":2,"column":2}}]},"2":{"line":2,"type":"binary-expr","locations":[{"start":{"line":2,"column":6},"end":{"line":2,"column":34}},{"start":{"line":2,"column":38},"end":{"line":2,"column":48}}]},"3":{"line":4,"type":"if","locations":[{"start":{"line":4,"column":9},"end":{"line":4,"column":9}},{"start":{"line":4,"column":9},"end":{"line":4,"column":9}}]},"4":{"line":44,"type":"cond-expr","locations":[{"start":{"line":44,"column":35},"end":{"line":44,"column":38}},{"start":{"line":44,"column":41},"end":{"line":46,"column":5}}]},"5":{"line":44,"type":"binary-expr","locations":[{"start":{"line":44,"column":11},"end":{"line":44,"column":14}},{"start":{"line":44,"column":18},"end":{"line":44,"column":32}}]},"6":{"line":66,"type":"binary-expr","locations":[{"start":{"line":66,"column":11},"end":{"line":66,"column":38}},{"start":{"line":66,"column":42},"end":{"line":66,"column":73}}]},"7":{"line":74,"type":"switch","locations":[{"start":{"line":75,"column":12},"end":{"line":79,"column":17}},{"start":{"line":81,"column":12},"end":{"line":89,"column":54}},{"start":{"line":91,"column":12},"end":{"line":91,"column":19}},{"start":{"line":92,"column":12},"end":{"line":93,"column":37}}]},"8":{"line":105,"type":"cond-expr","locations":[{"start":{"line":105,"column":70},"end":{"line":105,"column":82}},{"start":{"line":105,"column":85},"end":{"line":105,"column":87}}]},"9":{"line":105,"type":"binary-expr","locations":[{"start":{"line":105,"column":17},"end":{"line":105,"column":37}},{"start":{"line":105,"column":41},"end":{"line":105,"column":67}}]},"10":{"line":109,"type":"cond-expr","locations":[{"start":{"line":109,"column":70},"end":{"line":109,"column":82}},{"start":{"line":109,"column":85},"end":{"line":109,"column":90}}]},"11":{"line":109,"type":"binary-expr","locations":[{"start":{"line":109,"column":17},"end":{"line":109,"column":37}},{"start":{"line":109,"column":41},"end":{"line":109,"column":67}}]},"12":{"line":110,"type":"cond-expr","locations":[{"start":{"line":110,"column":72},"end":{"line":110,"column":84}},{"start":{"line":110,"column":87},"end":{"line":110,"column":89}}]},"13":{"line":110,"type":"binary-expr","locations":[{"start":{"line":110,"column":19},"end":{"line":110,"column":39}},{"start":{"line":110,"column":43},"end":{"line":110,"column":69}}]},"14":{"line":117,"type":"switch","locations":[{"start":{"line":118,"column":14},"end":{"line":160,"column":66}},{"start":{"line":162,"column":14},"end":{"line":162,"column":21}},{"start":{"line":163,"column":14},"end":{"line":164,"column":40}}]},"15":{"line":119,"type":"if","locations":[{"start":{"line":119,"column":16},"end":{"line":119,"column":16}},{"start":{"line":119,"column":16},"end":{"line":119,"column":16}}]},"16":{"line":135,"type":"cond-expr","locations":[{"start":{"line":135,"column":106},"end":{"line":135,"column":167}},{"start":{"line":135,"column":170},"end":{"line":135,"column":201}}]},"17":{"line":135,"type":"binary-expr","locations":[{"start":{"line":135,"column":29},"end":{"line":135,"column":62}},{"start":{"line":135,"column":66},"end":{"line":135,"column":103}}]},"18":{"line":146,"type":"if","locations":[{"start":{"line":146,"column":18},"end":{"line":146,"column":18}},{"start":{"line":146,"column":18},"end":{"line":146,"column":18}}]},"19":{"line":183,"type":"cond-expr","locations":[{"start":{"line":183,"column":70},"end":{"line":183,"column":82}},{"start":{"line":183,"column":85},"end":{"line":183,"column":87}}]},"20":{"line":183,"type":"binary-expr","locations":[{"start":{"line":183,"column":17},"end":{"line":183,"column":37}},{"start":{"line":183,"column":41},"end":{"line":183,"column":67}}]},"21":{"line":234,"type":"cond-expr","locations":[{"start":{"line":234,"column":38},"end":{"line":236,"column":6}},{"start":{"line":236,"column":9},"end":{"line":236,"column":27}}]}},"code":["(function (global, factory) {","  if (typeof define === \"function\" && define.amd) {","    define(['exports', 'babel-runtime/core-js/promise', 'babel-runtime/regenerator', 'babel-runtime/helpers/asyncToGenerator', 'cheerio', 'isomorphic-fetch', 'url-parse', './PirateBay'], factory);","  } else if (typeof exports !== \"undefined\") {","    factory(exports, require('babel-runtime/core-js/promise'), require('babel-runtime/regenerator'), require('babel-runtime/helpers/asyncToGenerator'), require('cheerio'), require('isomorphic-fetch'), require('url-parse'), require('./PirateBay'));","  } else {","    var mod = {","      exports: {}","    };","    factory(mod.exports, global.promise, global.regenerator, global.asyncToGenerator, global.cheerio, global.isomorphicFetch, global.urlParse, global.PirateBay);","    global.Parser = mod.exports;","  }","})(this, function (exports, _promise, _regenerator, _asyncToGenerator2, _cheerio, _isomorphicFetch, _urlParse, _PirateBay) {","  'use strict';","","  Object.defineProperty(exports, \"__esModule\", {","    value: true","  });","  exports.getProxyList = undefined;","  exports._parseTorrentIsVIP = _parseTorrentIsVIP;","  exports._parseTorrentIsTrusted = _parseTorrentIsTrusted;","  exports.isTorrentVerified = isTorrentVerified;","  exports.parsePage = parsePage;","  exports.parseResults = parseResults;","  exports.parseTvShow = parseTvShow;","  exports.parseTorrentPage = parseTorrentPage;","  exports.parseTvShows = parseTvShows;","  exports.parseCategories = parseCategories;","  exports.parseCommentsPage = parseCommentsPage;","","  var _promise2 = _interopRequireDefault(_promise);","","  var _regenerator2 = _interopRequireDefault(_regenerator);","","  var _asyncToGenerator3 = _interopRequireDefault(_asyncToGenerator2);","","  var _cheerio2 = _interopRequireDefault(_cheerio);","","  var _isomorphicFetch2 = _interopRequireDefault(_isomorphicFetch);","","  var _urlParse2 = _interopRequireDefault(_urlParse);","","  function _interopRequireDefault(obj) {","    return obj && obj.__esModule ? obj : {","      default: obj","    };","  }","","  /* eslint promise/no-promise-in-callback: 0, max-len: [2, 200] */","","  /**","   * Parse all pages","   * ","   */","  var maxConcurrentRequests = 3;","","  function _parseTorrentIsVIP(element) {","    return element.find('img[title=\"VIP\"]').attr('title') === 'VIP';","  }","","  function _parseTorrentIsTrusted(element) {","    return element.find('img[title=\"Trusted\"]').attr('title') === 'Trusted';","  }","","  function isTorrentVerified(element) {","    return _parseTorrentIsVIP(element) || _parseTorrentIsTrusted(element);","  }","","  var getProxyList = exports.getProxyList = function () {","    var _ref = (0, _asyncToGenerator3.default)(_regenerator2.default.mark(function _callee() {","      var response, $, links;","      return _regenerator2.default.wrap(function _callee$(_context) {","        while (1) {","          switch (_context.prev = _context.next) {","            case 0:","              _context.next = 2;","              return (0, _isomorphicFetch2.default)('https://proxybay.tv/').then(function (res) {","                return res.text();","              });","","            case 2:","              response = _context.sent;","              $ = _cheerio2.default.load(response);","              links = $('[rel=\"nofollow\"]').map(function getElementLinks() {","                return $(this).attr('href');","              }).get().filter(function (res, index) {","                return index < maxConcurrentRequests;","              });","              return _context.abrupt('return', links);","","            case 6:","            case 'end':","              return _context.stop();","          }","        }","      }, _callee, this);","    }));","","    return function getProxyList() {","      return _ref.apply(this, arguments);","    };","  }();","","  function parsePage(url, parseCallback) {","    var filter = arguments.length > 2 && arguments[2] !== undefined ? arguments[2] : {};","","    var _this = this;","","    var method = arguments.length > 3 && arguments[3] !== undefined ? arguments[3] : 'GET';","    var formData = arguments.length > 4 && arguments[4] !== undefined ? arguments[4] : {};","","    var attempt = function () {","      var _ref2 = (0, _asyncToGenerator3.default)(_regenerator2.default.mark(function _callee2(error) {","        var proxyUrls, options, requests, abandonFailedResponses, race;","        return _regenerator2.default.wrap(function _callee2$(_context2) {","          while (1) {","            switch (_context2.prev = _context2.next) {","              case 0:","                if (error) console.log(error);","","                proxyUrls = ['https://thepiratebay.org', 'https://thepiratebay.se', 'https://pirateproxy.one', 'https://ahoy.one'];","                options = {","                  mode: 'no-cors',","                  method: method,","                  body: formData","                };","                requests = proxyUrls.map(function (_url) {","                  return new _urlParse2.default(url).set('hostname', new _urlParse2.default(_url).hostname).href;","                }).map(function (_url) {","                  return (","                    // $FlowFixMe - To avoid unnessary object type conversion, https://github.com/facebook/flow/issues/1606","                    (0, _isomorphicFetch2.default)(_url, options).then(function (response) {","                      return response.text();","                    }).then(function (body) {","                      return body.includes('502: Bad gateway') || body.includes('Database maintenance') ? _promise2.default.reject('Database maintenance or 502 error') : _promise2.default.resolve(body);","                    })","                  );","                });","","                abandonFailedResponses = function abandonFailedResponses(index) {","                  var p = requests.splice(index, 1)[0];","                  p.catch();","                };","","                race = function race() {","                  if (requests.length < 1) {","                    return _promise2.default.reject('None of the proxy requests were successful');","                  }","                  var indexedRequests = requests.map(function (p, index) {","                    return p.catch(function () {","                      throw index;","                    });","                  });","                  return _promise2.default.race(indexedRequests).catch(function (index) {","                    abandonFailedResponses(index);","                    return race(requests);","                  });","                };","","                return _context2.abrupt('return', race(requests));","","              case 7:","              case 'end':","                return _context2.stop();","            }","          }","        }, _callee2, _this);","      }));","","      return function attempt(_x4) {","        return _ref2.apply(this, arguments);","      };","    }();","","    return attempt().catch(function () {","      return attempt('Failed, retrying');","    }).then(function (response) {","      return parseCallback(response, filter);","    });","  }","","  function parseResults(resultsHTML) {","    var filter = arguments.length > 1 && arguments[1] !== undefined ? arguments[1] : {};","","    var $ = _cheerio2.default.load(resultsHTML);","    var rawResults = $('table#searchResult tr:has(a.detLink)');","","    var results = rawResults.map(function getRawResults() {","      var name = $(this).find('a.detLink').text();","      var uploadDate = $(this).find('font').text().match(/Uploaded\\s(?:<b>)?(.+?)(?:<\\/b>)?,/)[1];","      var size = $(this).find('font').text().match(/Size (.+?),/)[1];","","      var seeders = $(this).find('td[align=\"right\"]').first().text();","      var leechers = $(this).find('td[align=\"right\"]').next().text();","      var relativeLink = $(this).find('div.detName a').attr('href');","      var link = _PirateBay.baseUrl + relativeLink;","      var id = String(parseInt(/^\\/torrent\\/(\\d+)/.exec(relativeLink)[1], 10));","      var magnetLink = $(this).find('a[title=\"Download this torrent using magnet\"]').attr('href');","      var uploader = $(this).find('font .detDesc').text();","      var uploaderLink = _PirateBay.baseUrl + $(this).find('font a').attr('href');","      var verified = isTorrentVerified($(this));","","      var category = {","        id: $(this).find('center a').first().attr('href').match(/\\/browse\\/(\\d+)/)[1],","        name: $(this).find('center a').first().text()","      };","","      var subcategory = {","        id: $(this).find('center a').last().attr('href').match(/\\/browse\\/(\\d+)/)[1],","        name: $(this).find('center a').last().text()","      };","","      return {","        id: id,","        name: name,","        size: size,","        link: link,","        category: category,","        seeders: seeders,","        leechers: leechers,","        uploadDate: uploadDate,","        magnetLink: magnetLink,","        subcategory: subcategory,","        uploader: uploader,","        verified: verified,","        uploaderLink: uploaderLink","      };","    });","","    var parsedResultsArray = results.get().filter(function (result) {","      return !result.uploaderLink.includes('undefined');","    });","","    return filter.verified === true ? parsedResultsArray.filter(function (result) {","      return result.verified === true;","    }) : parsedResultsArray;","  }","","  function parseTvShow(tvShowPage) {","    var _this2 = this;","","    var $ = _cheerio2.default.load(tvShowPage);","    var seasons = $('dt a').map(function () {","      return $(_this2).text();","    }).get();","    var rawLinks = $('dd');","","    var torrents = rawLinks.map(function (element) {","      return $(_this2).find('a').map(function () {","        return {","          title: element.text(),","          link: _PirateBay.baseUrl + element.attr('href'),","          id: element.attr('href').match(/\\/torrent\\/(\\d+)/)[1]","        };","      }).get();","    });","","    return seasons.map(function (season, index) {","      return {","        title: season,","        torrents: torrents[index]","      };","    });","  }","","  function parseTorrentPage(torrentPage) {","    var $ = _cheerio2.default.load(torrentPage);","    var name = $('#title').text().trim();","","    var size = $('dt:contains(Size:) + dd').text().trim();","    var uploadDate = $('dt:contains(Uploaded:) + dd').text().trim();","    var uploader = $('dt:contains(By:) + dd').text().trim();","    var uploaderLink = _PirateBay.baseUrl + $('dt:contains(By:) + dd a').attr('href');","    var seeders = $('dt:contains(Seeders:) + dd').text().trim();","    var leechers = $('dt:contains(Leechers:) + dd').text().trim();","    var id = $('input[name=id]').attr('value');","    var link = _PirateBay.baseUrl + '/torrent/' + id;","    var magnetLink = $('a[title=\"Get this torrent\"]').attr('href');","    var description = $('div.nfo').text().trim();","","    return {","      category: '',","      name: name,","      size: size,","      seeders: seeders,","      leechers: leechers,","      uploadDate: uploadDate,","      magnetLink: magnetLink,","      link: link,","      id: id,","      description: description,","      uploader: uploader,","      uploaderLink: uploaderLink","    };","  }","","  function parseTvShows(tvShowsPage) {","    var $ = _cheerio2.default.load(tvShowsPage);","    var rawTitles = $('dt a');","    var series = rawTitles.map(function (element) {","      return {","        title: element.text(),","        id: element.attr('href').match(/\\/tv\\/(\\d+)/)[1]","      };","    }).get();","","    var rawSeasons = $('dd');","    var seasons = rawSeasons.map(function (element) {","      return element.find('a').text().match(/S\\d+/g);","    });","","    return series.map(function (s, index) {","      return {","        title: s.title,","        id: s.id,","        seasons: seasons[index]","      };","    });","  }","","  function parseCategories(categoriesHTML) {","    var $ = _cheerio2.default.load(categoriesHTML);","    var categoriesContainer = $('select#category optgroup');","    var currentCategoryId = 0;","","    var categories = categoriesContainer.map(function getElements() {","      currentCategoryId += 100;","","      var category = {","        name: $(this).attr('label'),","        id: '' + currentCategoryId,","        subcategories: []","      };","","      $(this).find('option').each(function getSubcategory() {","        var subcategory = {","          id: $(this).attr('value'),","          name: $(this).text()","        };","","        return category.subcategories.push(subcategory);","      });","","      return category;","    });","","    return categories.get();","  }","","  function parseCommentsPage(commentsHTML) {","    var $ = _cheerio2.default.load(commentsHTML);","","    var comments = $.root().contents().map(function getRawComments() {","      var comment = $(this).find('div.comment').text().trim();","      var user = $(this).find('a').text().trim();","","      return {","        user: user,","        comment: comment","      };","    });","","    return comments.get();","  }","});"],"l":{"1":1,"2":1,"3":0,"4":1,"5":1,"7":0,"10":0,"11":0,"16":1,"19":1,"20":1,"21":1,"22":1,"23":1,"24":1,"25":1,"26":1,"27":1,"28":1,"29":1,"31":1,"33":1,"35":1,"37":1,"39":1,"41":1,"43":1,"44":6,"55":1,"57":1,"58":0,"61":1,"62":0,"65":1,"66":0,"69":1,"70":1,"71":0,"72":0,"73":0,"74":0,"76":0,"77":0,"78":0,"82":0,"83":0,"84":0,"85":0,"87":0,"89":0,"93":0,"99":1,"100":0,"104":1,"105":0,"107":0,"109":0,"110":0,"112":0,"113":0,"114":0,"115":0,"116":0,"117":0,"119":0,"121":0,"122":0,"127":0,"128":0,"130":0,"133":0,"135":0,"140":0,"141":0,"142":0,"145":0,"146":0,"147":0,"149":0,"150":0,"151":0,"154":0,"155":0,"156":0,"160":0,"164":0,"170":0,"171":0,"175":0,"176":0,"178":0,"182":1,"183":0,"185":0,"186":0,"188":0,"189":0,"190":0,"191":0,"193":0,"194":0,"195":0,"196":0,"197":0,"198":0,"199":0,"200":0,"201":0,"203":0,"208":0,"213":0,"230":0,"231":0,"234":0,"235":0,"239":1,"240":0,"242":0,"243":0,"244":0,"246":0,"248":0,"249":0,"250":0,"258":0,"259":0,"266":1,"267":0,"268":0,"270":0,"271":0,"272":0,"273":0,"274":0,"275":0,"276":0,"277":0,"278":0,"279":0,"281":0,"297":1,"298":0,"299":0,"300":0,"301":0,"307":0,"308":0,"309":0,"312":0,"313":0,"321":1,"322":0,"323":0,"324":0,"326":0,"327":0,"329":0,"335":0,"336":0,"341":0,"344":0,"347":0,"350":1,"351":0,"353":0,"354":0,"355":0,"357":0,"363":0}}}